"../../../Engine/Content/EngineMaterials/T_Default_Material_Grid_N.uasset" 0
"../../../Engine/Content/EngineMaterials/T_Default_Material_Grid_N.uexp" 1
"../../../Engine/Content/EngineMaterials/T_Default_Material_Grid_N.ubulk" 2
"../../../Engine/Content/EngineMaterials/T_Default_Material_Grid_M.uasset" 3
"../../../Engine/Content/EngineMaterials/T_Default_Material_Grid_M.uexp" 4
"../../../Engine/Content/EngineMaterials/T_Default_Material_Grid_M.ubulk" 5
"../../../Engine/Content/Functions/Engine_MaterialFunctions01/Opacity/CameraDepthFade.uasset" 6
"../../../Engine/Content/Functions/Engine_MaterialFunctions01/Opacity/CameraDepthFade.uexp" 7
"../../../Engine/Content/EngineMaterials/WorldGridMaterial.uasset" 8
"../../../Engine/Content/EngineMaterials/WorldGridMaterial.uexp" 9
"../../../Engine/Content/ArtTools/RenderToTexture/Meshes/S_1_Unit_Plane.uasset" 10
"../../../Engine/Content/ArtTools/RenderToTexture/Meshes/S_1_Unit_Plane.uexp" 11
"../../../Engine/Content/EngineMaterials/DefaultMaterial.uasset" 12
"../../../Engine/Content/EngineMaterials/DefaultMaterial.uexp" 13
"../../../Engine/Content/BasicShapes/Cone.uasset" 14
"../../../Engine/Content/BasicShapes/Cone.uexp" 15
"../../../Engine/Content/BasicShapes/Cube.uasset" 16
"../../../Engine/Content/BasicShapes/Cube.uexp" 17
"../../../Engine/Content/BasicShapes/Plane.uasset" 18
"../../../Engine/Content/BasicShapes/Plane.uexp" 19
"../../../Engine/Content/BasicShapes/Sphere.uasset" 20
"../../../Engine/Content/BasicShapes/Sphere.uexp" 21
"../../../Engine/Content/EditorLandscapeResources/DataLayer.uasset" 22
"../../../Engine/Content/EditorLandscapeResources/DataLayer.uexp" 23
"../../../Engine/Content/EditorLandscapeResources/DefaultAlphaTexture.uasset" 24
"../../../Engine/Content/EditorLandscapeResources/DefaultAlphaTexture.uexp" 25
"../../../Engine/Content/EditorMaterials/MAT_Groups_Toggle.uasset" 26
"../../../Engine/Content/EditorMaterials/MAT_Groups_Toggle.uexp" 27
"../../../Engine/Content/EditorMaterials/MAT_Groups_Visibility.uasset" 28
"../../../Engine/Content/EditorMaterials/MAT_Groups_Visibility.uexp" 29
"../../../Engine/Content/EditorMaterials/PreviewShadowIndicator.uasset" 30
"../../../Engine/Content/EditorMaterials/PreviewShadowIndicator.uexp" 31
"../../../Engine/Content/EditorMaterials/PreviewShadowIndicator.ubulk" 32
"../../../Engine/Content/EditorMaterials/PreviewShadowIndicatorMaterial.uasset" 33
"../../../Engine/Content/EditorMaterials/PreviewShadowIndicatorMaterial.uexp" 34
"../../../Engine/Content/EditorMaterials/MatineeGroups/MAT_ColorTrack.uasset" 35
"../../../Engine/Content/EditorMaterials/MatineeGroups/MAT_ColorTrack.uexp" 36
"../../../Engine/Content/EditorMaterials/MatineeGroups/MAT_Groups_Anim.uasset" 37
"../../../Engine/Content/EditorMaterials/MatineeGroups/MAT_Groups_Anim.uexp" 38
"../../../Engine/Content/EditorMaterials/MatineeGroups/MAT_Groups_AudioMaster.uasset" 39
"../../../Engine/Content/EditorMaterials/MatineeGroups/MAT_Groups_AudioMaster.uexp" 40
"../../../Engine/Content/EditorMaterials/MatineeGroups/MAT_Groups_Director.uasset" 41
"../../../Engine/Content/EditorMaterials/MatineeGroups/MAT_Groups_Director.uexp" 42
"../../../Engine/Content/EditorMaterials/MatineeGroups/MAT_Groups_Event.uasset" 43
"../../../Engine/Content/EditorMaterials/MatineeGroups/MAT_Groups_Event.uexp" 44
"../../../Engine/Content/EditorMaterials/MatineeGroups/MAT_Groups_Fade.uasset" 45
"../../../Engine/Content/EditorMaterials/MatineeGroups/MAT_Groups_Fade.uexp" 46
"../../../Engine/Content/EditorMaterials/MatineeGroups/MAT_Groups_Float.uasset" 47
"../../../Engine/Content/EditorMaterials/MatineeGroups/MAT_Groups_Float.uexp" 48
"../../../Engine/Content/EditorMaterials/MatineeGroups/MAT_Groups_Move.uasset" 49
"../../../Engine/Content/EditorMaterials/MatineeGroups/MAT_Groups_Move.uexp" 50
"../../../Engine/Content/EditorMaterials/MatineeGroups/MAT_Groups_Slomo.uasset" 51
"../../../Engine/Content/EditorMaterials/MatineeGroups/MAT_Groups_Slomo.uexp" 52
"../../../Engine/Content/EditorMaterials/MatineeGroups/MAT_Groups_Sound.uasset" 53
"../../../Engine/Content/EditorMaterials/MatineeGroups/MAT_Groups_Sound.uexp" 54
"../../../Engine/Content/EditorMaterials/MatineeGroups/MAT_Groups_Vector.uasset" 55
"../../../Engine/Content/EditorMaterials/MatineeGroups/MAT_Groups_Vector.uexp" 56
"../../../Engine/Content/EditorMaterials/ParticleSystems/PSysThumbnail_NoImage.uasset" 57
"../../../Engine/Content/EditorMaterials/ParticleSystems/PSysThumbnail_NoImage.uexp" 58
"../../../Engine/Content/EditorMaterials/ParticleSystems/PSysThumbnail_NoImage.ubulk" 59
"../../../Engine/Content/EditorMaterials/ParticleSystems/PSysThumbnail_OOD.uasset" 60
"../../../Engine/Content/EditorMaterials/ParticleSystems/PSysThumbnail_OOD.uexp" 61
"../../../Engine/Content/EditorMaterials/ParticleSystems/PSysThumbnail_OOD.ubulk" 62
"../../../Engine/Content/EditorMaterials/Camera/CineMat.uasset" 63
"../../../Engine/Content/EditorMaterials/Camera/CineMat.uexp" 64
"../../../Engine/Content/EditorMaterials/Camera/MI_CineMat_Rig.uasset" 65
"../../../Engine/Content/EditorMaterials/Camera/MI_CineMat_Rig.uexp" 66
"../../../Engine/Content/EditorMeshes/Camera/SM_CraneRig_Arm.uasset" 67
"../../../Engine/Content/EditorMeshes/Camera/SM_CraneRig_Arm.uexp" 68
"../../../Engine/Content/EditorMeshes/Camera/SM_CraneRig_Base.uasset" 69
"../../../Engine/Content/EditorMeshes/Camera/SM_CraneRig_Base.uexp" 70
"../../../Engine/Content/EditorMeshes/Camera/SM_CraneRig_Body.uasset" 71
"../../../Engine/Content/EditorMeshes/Camera/SM_CraneRig_Body.uexp" 72
"../../../Engine/Content/EditorMeshes/Camera/SM_CraneRig_Mount.uasset" 73
"../../../Engine/Content/EditorMeshes/Camera/SM_CraneRig_Mount.uexp" 74
"../../../Engine/Content/EditorMeshes/Camera/SM_RailRig_Mount.uasset" 75
"../../../Engine/Content/EditorMeshes/Camera/SM_RailRig_Mount.uexp" 76
"../../../Engine/Content/EditorMeshes/Camera/SM_RailRig_Track.uasset" 77
"../../../Engine/Content/EditorMeshes/Camera/SM_RailRig_Track.uexp" 78
"../../../Engine/Content/EditorResources/BSPVertex.uasset" 79
"../../../Engine/Content/EditorResources/BSPVertex.uexp" 80
"../../../Engine/Content/EditorResources/EmptyActor.uasset" 81
"../../../Engine/Content/EditorResources/EmptyActor.uexp" 82
"../../../Engine/Content/EditorResources/S_Actor.uasset" 83
"../../../Engine/Content/EditorResources/S_Actor.uexp" 84
"../../../Engine/Content/EditorResources/S_Actor.ubulk" 85
"../../../Engine/Content/EditorResources/S_Note.uasset" 86
"../../../Engine/Content/EditorResources/S_Note.uexp" 87
"../../../Engine/Content/EditorResources/S_Note.ubulk" 88
"../../../Engine/Content/EditorResources/S_Solver.uasset" 89
"../../../Engine/Content/EditorResources/S_Solver.uexp" 90
"../../../Engine/Content/EditorResources/S_Solver.ubulk" 91
"../../../Engine/Content/EditorResources/S_Terrain.uasset" 92
"../../../Engine/Content/EditorResources/S_Terrain.uexp" 93
"../../../Engine/Content/EditorResources/S_Terrain.ubulk" 94
"../../../Engine/Content/EditorResources/S_Trigger.uasset" 95
"../../../Engine/Content/EditorResources/S_Trigger.uexp" 96
"../../../Engine/Content/EditorResources/S_Trigger.ubulk" 97
"../../../Engine/Content/EditorResources/SequenceRecorder/Countdown.uasset" 98
"../../../Engine/Content/EditorResources/SequenceRecorder/Countdown.uexp" 99
"../../../Engine/Content/EditorResources/SequenceRecorder/RecordingIndicator.uasset" 100
"../../../Engine/Content/EditorResources/SequenceRecorder/RecordingIndicator.uexp" 101
"../../../Engine/Content/EngineDamageTypes/DmgTypeBP_Environmental.uasset" 102
"../../../Engine/Content/EngineDamageTypes/DmgTypeBP_Environmental.uexp" 103
"../../../Engine/Content/EngineDebugMaterials/DebugEditorMaterial.uasset" 104
"../../../Engine/Content/EngineDebugMaterials/DebugEditorMaterial.uexp" 105
"../../../Engine/Content/EngineDebugMaterials/DebugMeshMaterial.uasset" 106
"../../../Engine/Content/EngineDebugMaterials/DebugMeshMaterial.uexp" 107
"../../../Engine/Content/EngineDebugMaterials/M_SimpleUnlitTranslucent.uasset" 108
"../../../Engine/Content/EngineDebugMaterials/M_SimpleUnlitTranslucent.uexp" 109
"../../../Engine/Content/EngineDebugMaterials/VolumeToRender.uasset" 110
"../../../Engine/Content/EngineDebugMaterials/VolumeToRender.uexp" 111
"../../../Engine/Content/Functions/Engine_MaterialFunctions02/Utility/CameraDirectionVector.uasset" 112
"../../../Engine/Content/Functions/Engine_MaterialFunctions02/Utility/CameraDirectionVector.uexp" 113
"../../../Engine/Content/EngineDebugMaterials/M_VolumeRenderSphereTracePP.uasset" 114
"../../../Engine/Content/EngineDebugMaterials/M_VolumeRenderSphereTracePP.uexp" 115
"../../../Engine/Content/Functions/Engine_MaterialFunctions01/Shading/ConvertFromDiffSpec.uasset" 116
"../../../Engine/Content/Functions/Engine_MaterialFunctions01/Shading/ConvertFromDiffSpec.uexp" 117
"../../../Engine/Content/EngineDebugMaterials/VertexColorMaterial.uasset" 118
"../../../Engine/Content/EngineDebugMaterials/VertexColorMaterial.uexp" 119
"../../../Engine/Content/EngineDebugMaterials/WireframeMaterial.uasset" 120
"../../../Engine/Content/EngineDebugMaterials/WireframeMaterial.uexp" 121
"../../../Engine/Content/EngineFonts/Faces/RobotoRegular.uasset" 122
"../../../Engine/Content/EngineFonts/Faces/RobotoRegular.uexp" 123
"../../../Engine/Content/EngineFonts/Faces/RobotoRegular.ufont" 124
"../../../Engine/Content/EngineFonts/Faces/RobotoLight.uasset" 125
"../../../Engine/Content/EngineFonts/Faces/RobotoLight.uexp" 126
"../../../Engine/Content/EngineFonts/Faces/RobotoLight.ufont" 127
"../../../Engine/Content/EngineFonts/Faces/RobotoItalic.uasset" 128
"../../../Engine/Content/EngineFonts/Faces/RobotoItalic.uexp" 129
"../../../Engine/Content/EngineFonts/Faces/RobotoItalic.ufont" 130
"../../../Engine/Content/EngineFonts/Faces/RobotoBoldItalic.uasset" 131
"../../../Engine/Content/EngineFonts/Faces/RobotoBoldItalic.uexp" 132
"../../../Engine/Content/EngineFonts/Faces/RobotoBoldItalic.ufont" 133
"../../../Engine/Content/EngineFonts/Faces/RobotoBold.uasset" 134
"../../../Engine/Content/EngineFonts/Faces/RobotoBold.uexp" 135
"../../../Engine/Content/EngineFonts/Faces/RobotoBold.ufont" 136
"../../../Engine/Content/EngineFonts/Faces/DroidSansFallback.uasset" 137
"../../../Engine/Content/EngineFonts/Faces/DroidSansFallback.uexp" 138
"../../../Engine/Content/EngineFonts/Faces/DroidSansFallback.ufont" 139
"../../../Engine/Content/EngineFonts/Roboto.uasset" 140
"../../../Engine/Content/EngineFonts/Roboto.uexp" 141
"../../../Engine/Content/EngineMaterials/BaseFlattenNormalMap.uasset" 142
"../../../Engine/Content/EngineMaterials/BaseFlattenNormalMap.uexp" 143
"../../../Engine/Content/EngineMaterials/BaseFlattenGrayscaleMap.uasset" 144
"../../../Engine/Content/EngineMaterials/BaseFlattenGrayscaleMap.uexp" 145
"../../../Engine/Content/EngineMaterials/BaseFlattenEmissiveMap.uasset" 146
"../../../Engine/Content/EngineMaterials/BaseFlattenEmissiveMap.uexp" 147
"../../../Engine/Content/EngineMaterials/BaseFlattenDiffuseMap.uasset" 148
"../../../Engine/Content/EngineMaterials/BaseFlattenDiffuseMap.uexp" 149
"../../../Engine/Content/EngineMaterials/BaseFlattenMaterial.uasset" 150
"../../../Engine/Content/EngineMaterials/BaseFlattenMaterial.uexp" 151
"../../../Engine/Content/EngineMaterials/BlueNoise.uasset" 152
"../../../Engine/Content/EngineMaterials/BlueNoise.uexp" 153
"../../../Engine/Content/EngineMaterials/DefaultBloomKernel.uasset" 154
"../../../Engine/Content/EngineMaterials/DefaultBloomKernel.uexp" 155
"../../../Engine/Content/EngineMaterials/DefaultBokeh.uasset" 156
"../../../Engine/Content/EngineMaterials/DefaultBokeh.uexp" 157
"../../../Engine/Content/EngineMaterials/DefaultDiffuse.uasset" 158
"../../../Engine/Content/EngineMaterials/DefaultDiffuse.uexp" 159
"../../../Engine/Content/EngineMaterials/DefaultDiffuse.ubulk" 160
"../../../Engine/Content/EngineMaterials/DefaultDeferredDecalMaterial.uasset" 161
"../../../Engine/Content/EngineMaterials/DefaultDeferredDecalMaterial.uexp" 162
"../../../Engine/Content/EngineMaterials/DefaultLightFunctionMaterial.uasset" 163
"../../../Engine/Content/EngineMaterials/DefaultLightFunctionMaterial.uexp" 164
"../../../Engine/Content/EngineMaterials/DefaultPhysicalMaterial.uasset" 165
"../../../Engine/Content/EngineMaterials/DefaultPhysicalMaterial.uexp" 166
"../../../Engine/Content/Functions/Engine_MaterialFunctions02/Utility/BreakOutFloat2Components.uasset" 167
"../../../Engine/Content/Functions/Engine_MaterialFunctions02/Utility/BreakOutFloat2Components.uexp" 168
"../../../Engine/Content/EngineMaterials/DefaultPostProcessMaterial.uasset" 169
"../../../Engine/Content/EngineMaterials/DefaultPostProcessMaterial.uexp" 170
"../../../Engine/Content/EngineFonts/RobotoDistanceField.uasset" 171
"../../../Engine/Content/EngineFonts/RobotoDistanceField.uexp" 172
"../../../Engine/Content/EngineMaterials/DefaultTextMaterialOpaque.uasset" 173
"../../../Engine/Content/EngineMaterials/DefaultTextMaterialOpaque.uexp" 174
"../../../Engine/Content/EngineMaterials/DefaultWhiteGrid.uasset" 175
"../../../Engine/Content/EngineMaterials/DefaultWhiteGrid.uexp" 176
"../../../Engine/Content/EngineMaterials/DefaultWhiteGrid.ubulk" 177
"../../../Engine/Content/EngineMaterials/DefaultWhiteGrid_Low.uasset" 178
"../../../Engine/Content/EngineMaterials/DefaultWhiteGrid_Low.uexp" 179
"../../../Engine/Content/EngineMaterials/EmissiveMeshMaterial.uasset" 180
"../../../Engine/Content/EngineMaterials/EmissiveMeshMaterial.uexp" 181
"../../../Engine/Content/EngineMaterials/GizmoMaterial.uasset" 182
"../../../Engine/Content/EngineMaterials/GizmoMaterial.uexp" 183
"../../../Engine/Content/EngineMaterials/Good64x64TilingNoiseHighFreq.uasset" 184
"../../../Engine/Content/EngineMaterials/Good64x64TilingNoiseHighFreq.uexp" 185
"../../../Engine/Content/EngineMaterials/MiniFont.uasset" 186
"../../../Engine/Content/EngineMaterials/MiniFont.uexp" 187
"../../../Engine/Content/EngineMaterials/InvalidLightmapSettings.uasset" 188
"../../../Engine/Content/EngineMaterials/InvalidLightmapSettings.uexp" 189
"../../../Engine/Content/EngineMaterials/InvalidLightmapSettings.ubulk" 190
"../../../Engine/Content/EngineMaterials/M_InvalidLightmapSettings.uasset" 191
"../../../Engine/Content/EngineMaterials/M_InvalidLightmapSettings.uexp" 192
"../../../Engine/Content/Functions/Engine_MaterialFunctions02/WorldPositionOffset/CameraOffset.uasset" 193
"../../../Engine/Content/Functions/Engine_MaterialFunctions02/WorldPositionOffset/CameraOffset.uexp" 194
"../../../Engine/Content/EngineMaterials/PhAT_JointLimitMaterial.uasset" 195
"../../../Engine/Content/EngineMaterials/PhAT_JointLimitMaterial.uexp" 196
"../../../Engine/Content/EngineMaterials/DefaultCalibrationColor.uasset" 197
"../../../Engine/Content/EngineMaterials/DefaultCalibrationColor.uexp" 198
"../../../Engine/Content/EngineMaterials/PPM_DefaultCalibrationColor.uasset" 199
"../../../Engine/Content/EngineMaterials/PPM_DefaultCalibrationColor.uexp" 200
"../../../Engine/Content/EngineMaterials/DefaultCalibrationGrayscale.uasset" 201
"../../../Engine/Content/EngineMaterials/DefaultCalibrationGrayscale.uexp" 202
"../../../Engine/Content/EngineMaterials/PPM_DefaultCalibrationGrayscale.uasset" 203
"../../../Engine/Content/EngineMaterials/PPM_DefaultCalibrationGrayscale.uexp" 204
"../../../Engine/Content/EngineMaterials/PreintegratedSkinBRDF.uasset" 205
"../../../Engine/Content/EngineMaterials/PreintegratedSkinBRDF.uexp" 206
"../../../Engine/Content/EngineMaterials/RemoveSurfaceMaterial.uasset" 207
"../../../Engine/Content/EngineMaterials/RemoveSurfaceMaterial.uexp" 208
"../../../Engine/Content/EngineMaterials/WeightMapPlaceholderTexture.uasset" 209
"../../../Engine/Content/EngineMaterials/WeightMapPlaceholderTexture.uexp" 210
"../../../Engine/Content/EngineResources/WhiteSquareTexture.uasset" 211
"../../../Engine/Content/EngineResources/WhiteSquareTexture.uexp" 212
"../../../Engine/Content/EngineMaterials/Widget3DPassThrough.uasset" 213
"../../../Engine/Content/EngineMaterials/Widget3DPassThrough.uexp" 214
"../../../Engine/Content/EngineMaterials/Widget3DPassThrough_Masked.uasset" 215
"../../../Engine/Content/EngineMaterials/Widget3DPassThrough_Masked.uexp" 216
"../../../Engine/Content/EngineMaterials/Widget3DPassThrough_Opaque.uasset" 217
"../../../Engine/Content/EngineMaterials/Widget3DPassThrough_Opaque.uexp" 218
"../../../Engine/Content/EngineMaterials/Widget3DPassThrough_Masked_OneSided.uasset" 219
"../../../Engine/Content/EngineMaterials/Widget3DPassThrough_Masked_OneSided.uexp" 220
"../../../Engine/Content/EngineMaterials/Widget3DPassThrough_Opaque_OneSided.uasset" 221
"../../../Engine/Content/EngineMaterials/Widget3DPassThrough_Opaque_OneSided.uexp" 222
"../../../Engine/Content/EngineMaterials/Widget3DPassThrough_Translucent.uasset" 223
"../../../Engine/Content/EngineMaterials/Widget3DPassThrough_Translucent.uexp" 224
"../../../Engine/Content/EngineMaterials/Widget3DPassThrough_Translucent_OneSided.uasset" 225
"../../../Engine/Content/EngineMaterials/Widget3DPassThrough_Translucent_OneSided.uexp" 226
"../../../Engine/Content/EngineMeshes/Cylinder.uasset" 227
"../../../Engine/Content/EngineMeshes/Cylinder.uexp" 228
"../../../Engine/Content/EngineMeshes/Sphere.uasset" 229
"../../../Engine/Content/EngineMeshes/Sphere.uexp" 230
"../../../Engine/Content/EngineResources/DefaultTexture.uasset" 231
"../../../Engine/Content/EngineResources/DefaultTexture.uexp" 232
"../../../Engine/Content/EngineResources/DefaultTexture.ubulk" 233
"../../../Engine/Content/EngineResources/DefaultTextureCube.uasset" 234
"../../../Engine/Content/EngineResources/DefaultTextureCube.uexp" 235
"../../../Engine/Content/EngineResources/DefaultVolumeTexture2D.uasset" 236
"../../../Engine/Content/EngineResources/DefaultVolumeTexture2D.uexp" 237
"../../../Engine/Content/EngineResources/DefaultVolumeTexture.uasset" 238
"../../../Engine/Content/EngineResources/DefaultVolumeTexture.uexp" 239
"../../../Engine/Content/EngineResources/GradientTexture0.uasset" 240
"../../../Engine/Content/EngineResources/GradientTexture0.uexp" 241
"../../../Engine/Content/EngineSky/VolumetricClouds/T_NoiseShape64.uasset" 242
"../../../Engine/Content/EngineSky/VolumetricClouds/T_NoiseShape64.uexp" 243
"../../../Engine/Content/EngineSky/VolumetricClouds/T_NoiseShape64.ubulk" 244
"../../../Engine/Content/EngineSky/VolumetricClouds/T_VolumeNoiseShape64.uasset" 245
"../../../Engine/Content/EngineSky/VolumetricClouds/T_VolumeNoiseShape64.uexp" 246
"../../../Engine/Content/EngineSky/VolumetricClouds/T_NoiseErosion.uasset" 247
"../../../Engine/Content/EngineSky/VolumetricClouds/T_NoiseErosion.uexp" 248
"../../../Engine/Content/EngineSky/VolumetricClouds/T_NoiseErosion.ubulk" 249
"../../../Engine/Content/EngineSky/VolumetricClouds/T_VolumeNoiseErosion32.uasset" 250
"../../../Engine/Content/EngineSky/VolumetricClouds/T_VolumeNoiseErosion32.uexp" 251
"../../../Engine/Content/Functions/Engine_MaterialFunctions02/Utility/MakeFloat2.uasset" 252
"../../../Engine/Content/Functions/Engine_MaterialFunctions02/Utility/MakeFloat2.uexp" 253
"../../../Engine/Content/EngineSky/VolumetricClouds/CloudWeatherTexture.uasset" 254
"../../../Engine/Content/EngineSky/VolumetricClouds/CloudWeatherTexture.uexp" 255
"../../../Engine/Content/EngineSky/VolumetricClouds/CloudGradientTexture.uasset" 256
"../../../Engine/Content/EngineSky/VolumetricClouds/CloudGradientTexture.uexp" 257
"../../../Engine/Content/EngineSky/VolumetricClouds/m_SimpleVolumetricCloud.uasset" 258
"../../../Engine/Content/EngineSky/VolumetricClouds/m_SimpleVolumetricCloud.uexp" 259
"../../../Engine/Content/EngineSky/VolumetricClouds/m_SimpleVolumetricCloud_Inst.uasset" 260
"../../../Engine/Content/EngineSky/VolumetricClouds/m_SimpleVolumetricCloud_Inst.uexp" 261
"../../../Engine/Content/EngineSounds/Master.uasset" 262
"../../../Engine/Content/EngineSounds/Master.uexp" 263
"../../../Engine/Content/Functions/Engine_MaterialFunctions01/Shading/PowerToRoughness.uasset" 264
"../../../Engine/Content/Functions/Engine_MaterialFunctions01/Shading/PowerToRoughness.uexp" 265
"../../../Engine/Content/Maps/Templates/Thumbnails/Default.uasset" 266
"../../../Engine/Content/Maps/Templates/Thumbnails/Default.uexp" 267
"../../../Engine/Content/Maps/Templates/Thumbnails/TimeOfDay.uasset" 268
"../../../Engine/Content/Maps/Templates/Thumbnails/TimeOfDay.uexp" 269
"../../../Engine/Content/Maps/Templates/Thumbnails/VR-Basic.uasset" 270
"../../../Engine/Content/Maps/Templates/Thumbnails/VR-Basic.uexp" 271
"../../../Engine/Content/MobileResources/T_MobileControls_texture.uasset" 272
"../../../Engine/Content/MobileResources/T_MobileControls_texture.uexp" 273
"../../../Engine/Content/MobileResources/T_MobileMenu2.uasset" 274
"../../../Engine/Content/MobileResources/T_MobileMenu2.uexp" 275
"../../../Engine/Content/MobileResources/HUD/AnalogHat.uasset" 276
"../../../Engine/Content/MobileResources/HUD/AnalogHat.uexp" 277
"../../../Engine/Content/MobileResources/HUD/VirtualJoystick_Thumb.uasset" 278
"../../../Engine/Content/MobileResources/HUD/VirtualJoystick_Thumb.uexp" 279
"../../../Engine/Content/MobileResources/HUD/VirtualJoystick_Background.uasset" 280
"../../../Engine/Content/MobileResources/HUD/VirtualJoystick_Background.uexp" 281
"../../../Engine/Content/MobileResources/HUD/DefaultVirtualJoysticks.uasset" 282
"../../../Engine/Content/MobileResources/HUD/DefaultVirtualJoysticks.uexp" 283
"../../../Engine/Content/MobileResources/HUD/LeftVirtualJoystickOnly.uasset" 284
"../../../Engine/Content/MobileResources/HUD/LeftVirtualJoystickOnly.uexp" 285
"../../../Engine/Content/MobileResources/HUD/MobileHUDButton1_off.uasset" 286
"../../../Engine/Content/MobileResources/HUD/MobileHUDButton1_off.uexp" 287
"../../../Engine/Content/MobileResources/HUD/MobileHUDButton1_on.uasset" 288
"../../../Engine/Content/MobileResources/HUD/MobileHUDButton1_on.uexp" 289
"../../../Engine/Content/MobileResources/HUD/MobileHUDButton2_off.uasset" 290
"../../../Engine/Content/MobileResources/HUD/MobileHUDButton2_off.uexp" 291
"../../../Engine/Content/MobileResources/HUD/MobileHUDButton2_on.uasset" 292
"../../../Engine/Content/MobileResources/HUD/MobileHUDButton2_on.uexp" 293
"../../../Engine/Content/MobileResources/HUD/MobileHUDButton3.uasset" 294
"../../../Engine/Content/MobileResources/HUD/MobileHUDButton3.uexp" 295
"../../../Engine/Content/MobileResources/HUD/MobileHUDButtonFire.uasset" 296
"../../../Engine/Content/MobileResources/HUD/MobileHUDButtonFire.uexp" 297
"../../../Engine/Content/MobileResources/HUD/MobileHUDDirectionPad.uasset" 298
"../../../Engine/Content/MobileResources/HUD/MobileHUDDirectionPad.uexp" 299
"../../../Engine/Content/MobileResources/HUD/MobileHUDDirectionPad2.uasset" 300
"../../../Engine/Content/MobileResources/HUD/MobileHUDDirectionPad2.uexp" 301
"../../../Engine/Content/MobileResources/HUD/MobileHUDDirectionPad3.uasset" 302
"../../../Engine/Content/MobileResources/HUD/MobileHUDDirectionPad3.uexp" 303
"../../../Engine/Content/MobileResources/HUD/MobileHUDDirectionStick.uasset" 304
"../../../Engine/Content/MobileResources/HUD/MobileHUDDirectionStick.uexp" 305
"../../../Engine/Content/MobileResources/HUD/T_Castle_ThumbstickInner.uasset" 306
"../../../Engine/Content/MobileResources/HUD/T_Castle_ThumbstickInner.uexp" 307
"../../../Engine/Content/MobileResources/HUD/T_Castle_ThumbstickOutter.uasset" 308
"../../../Engine/Content/MobileResources/HUD/T_Castle_ThumbstickOutter.uexp" 309
"../../../Engine/Content/Tutorial/ContentIntroCurve.uasset" 310
"../../../Engine/Content/Tutorial/ContentIntroCurve.uexp" 311
"../../../Engine/Content/Tutorial/Basics/TutorialAssets/icon_tab_Levels_40x.uasset" 312
"../../../Engine/Content/Tutorial/Basics/TutorialAssets/icon_tab_Levels_40x.uexp" 313
"../../../Engine/Content/Tutorial/BlueprintTutorials/TutorialAssets/Blueprint_64x.uasset" 314
"../../../Engine/Content/Tutorial/BlueprintTutorials/TutorialAssets/Blueprint_64x.uexp" 315
"../../../Engine/Content/VREditor/TransformGizmo/TranslucentTransformGizmoMaterial.uasset" 316
"../../../Engine/Content/VREditor/TransformGizmo/TranslucentTransformGizmoMaterial.uexp" 317
"../../../Engine/Content/VREditor/LaserPointer/VR_LaserPower_01.uasset" 318
"../../../Engine/Content/VREditor/LaserPointer/VR_LaserPower_01.uexp" 319
"../../../Engine/Content/VREditor/LaserPointer/VR_LaserPower_01.ubulk" 320
"../../../Engine/Content/VREditor/TransformGizmo/TransformGizmoMaterial.uasset" 321
"../../../Engine/Content/VREditor/TransformGizmo/TransformGizmoMaterial.uexp" 322
"../../../Engine/Content/VREditor/TransformGizmo/BoundingBoxCorner.uasset" 323
"../../../Engine/Content/VREditor/TransformGizmo/BoundingBoxCorner.uexp" 324
"../../../Engine/Content/VREditor/TransformGizmo/BoundingBoxEdge.uasset" 325
"../../../Engine/Content/VREditor/TransformGizmo/BoundingBoxEdge.uexp" 326
"../../../Engine/Content/VREditor/TransformGizmo/PlaneTranslationHandle.uasset" 327
"../../../Engine/Content/VREditor/TransformGizmo/PlaneTranslationHandle.uexp" 328
"../../../Engine/Content/VREditor/TransformGizmo/Xray.uasset" 329
"../../../Engine/Content/VREditor/TransformGizmo/Xray.uexp" 330
"../../../Engine/Content/VREditor/TransformGizmo/Main.uasset" 331
"../../../Engine/Content/VREditor/TransformGizmo/Main.uexp" 332
"../../../Engine/Content/VREditor/TransformGizmo/SM_Sequencer_Key.uasset" 333
"../../../Engine/Content/VREditor/TransformGizmo/SM_Sequencer_Key.uexp" 334
"../../../Engine/Content/VREditor/TransformGizmo/SM_Sequencer_Node.uasset" 335
"../../../Engine/Content/VREditor/TransformGizmo/SM_Sequencer_Node.uexp" 336
"../../../Engine/Plugins/2D/Paper2D/Content/PlaceholderTextures/DummySpriteTexture.uasset" 337
"../../../Engine/Plugins/2D/Paper2D/Content/PlaceholderTextures/DummySpriteTexture.uexp" 338
"../../../Engine/Plugins/2D/Paper2D/Content/PlaceholderTextures/DummySpriteTexture.ubulk" 339
"../../../Engine/Plugins/2D/Paper2D/Content/DummySprite.uasset" 340
"../../../Engine/Plugins/2D/Paper2D/Content/DummySprite.uexp" 341
"../../../Engine/Plugins/2D/Paper2D/Content/DefaultPaperTerrainMaterial.uasset" 342
"../../../Engine/Plugins/2D/Paper2D/Content/DefaultPaperTerrainMaterial.uexp" 343
"../../../Engine/Plugins/2D/Paper2D/Content/DefaultSpriteMaterial.uasset" 344
"../../../Engine/Plugins/2D/Paper2D/Content/DefaultSpriteMaterial.uexp" 345
"../../../Engine/Plugins/2D/Paper2D/Content/MaskedUnlitSpriteMaterial.uasset" 346
"../../../Engine/Plugins/2D/Paper2D/Content/MaskedUnlitSpriteMaterial.uexp" 347
"../../../Engine/Plugins/2D/Paper2D/Content/OpaqueUnlitSpriteMaterial.uasset" 348
"../../../Engine/Plugins/2D/Paper2D/Content/OpaqueUnlitSpriteMaterial.uexp" 349
"../../../Engine/Content/Functions/Engine_MaterialFunctions02/Utility/VectorLength.uasset" 350
"../../../Engine/Content/Functions/Engine_MaterialFunctions02/Utility/VectorLength.uexp" 351
"../../../Engine/Content/Functions/Engine_MaterialFunctions02/WorldPositionOffset/ObjectScale.uasset" 352
"../../../Engine/Content/Functions/Engine_MaterialFunctions02/WorldPositionOffset/ObjectScale.uexp" 353
"../../../Engine/Content/Functions/Engine_MaterialFunctions02/Utility/BreakOutFloat3Components.uasset" 354
"../../../Engine/Content/Functions/Engine_MaterialFunctions02/Utility/BreakOutFloat3Components.uexp" 355
"../../../Engine/Content/Functions/Engine_MaterialFunctions02/ObjectLocalBounds.uasset" 356
"../../../Engine/Content/Functions/Engine_MaterialFunctions02/ObjectLocalBounds.uexp" 357
"../../../Engine/Plugins/Editor/SpeedTreeImporter/Content/SpeedTree9/UnpackInteger3.uasset" 358
"../../../Engine/Plugins/Editor/SpeedTreeImporter/Content/SpeedTree9/UnpackInteger3.uexp" 359
"../../../Engine/Plugins/Editor/SpeedTreeImporter/Content/SpeedTree9/UnpackDirection.uasset" 360
"../../../Engine/Plugins/Editor/SpeedTreeImporter/Content/SpeedTree9/UnpackDirection.uexp" 361
"../../../Engine/Plugins/Editor/SpeedTreeImporter/Content/SpeedTree9/game_wind_noise.uasset" 362
"../../../Engine/Plugins/Editor/SpeedTreeImporter/Content/SpeedTree9/game_wind_noise.uexp" 363
"../../../Engine/Plugins/Editor/SpeedTreeImporter/Content/SpeedTree9/game_wind_noise.ubulk" 364
"../../../Engine/Content/Functions/Engine_MaterialFunctions02/SafeNormalize.uasset" 365
"../../../Engine/Content/Functions/Engine_MaterialFunctions02/SafeNormalize.uexp" 366
"../../../Engine/Plugins/Editor/SpeedTreeImporter/Content/SpeedTree9/SpeedTreeWindMotion.uasset" 367
"../../../Engine/Plugins/Editor/SpeedTreeImporter/Content/SpeedTree9/SpeedTreeWindMotion.uexp" 368
"../../../Engine/Plugins/Editor/SpeedTreeImporter/Content/SpeedTree9/SpeedTreeBranchMotion.uasset" 369
"../../../Engine/Plugins/Editor/SpeedTreeImporter/Content/SpeedTree9/SpeedTreeBranchMotion.uexp" 370
"../../../Engine/Content/Functions/Engine_MaterialFunctions02/UVs/BoundingBoxBased_0-1_UVW.uasset" 371
"../../../Engine/Content/Functions/Engine_MaterialFunctions02/UVs/BoundingBoxBased_0-1_UVW.uexp" 372
"../../../Engine/Plugins/Editor/SpeedTreeImporter/Content/SpeedTree9/SpeedTreeWind.uasset" 373
"../../../Engine/Plugins/Editor/SpeedTreeImporter/Content/SpeedTree9/SpeedTreeWind.uexp" 374
"../../../Engine/Plugins/Editor/SpeedTreeImporter/Content/SpeedTree9/SpeedTreeBillboard.uasset" 375
"../../../Engine/Plugins/Editor/SpeedTreeImporter/Content/SpeedTree9/SpeedTreeBillboard.uexp" 376
"../../../Engine/Plugins/Editor/SpeedTreeImporter/Content/SpeedTree9/EmptyNormal.uasset" 377
"../../../Engine/Plugins/Editor/SpeedTreeImporter/Content/SpeedTree9/EmptyNormal.uexp" 378
"../../../Engine/Plugins/Editor/SpeedTreeImporter/Content/SpeedTree9/Empty.uasset" 379
"../../../Engine/Plugins/Editor/SpeedTreeImporter/Content/SpeedTree9/Empty.uexp" 380
"../../../Engine/Plugins/Editor/SpeedTreeImporter/Content/SpeedTree9/SpeedTreeBillboardMaster.uasset" 381
"../../../Engine/Plugins/Editor/SpeedTreeImporter/Content/SpeedTree9/SpeedTreeBillboardMaster.uexp" 382
"../../../Engine/Plugins/Editor/SpeedTreeImporter/Content/SpeedTree9/SpeedTreeCameraFacing.uasset" 383
"../../../Engine/Plugins/Editor/SpeedTreeImporter/Content/SpeedTree9/SpeedTreeCameraFacing.uexp" 384
"../../../Engine/Plugins/Editor/SpeedTreeImporter/Content/SpeedTree9/SpeedTreeMaster.uasset" 385
"../../../Engine/Plugins/Editor/SpeedTreeImporter/Content/SpeedTree9/SpeedTreeMaster.uexp" 386
"../../../Engine/Content/BasicShapes/Cylinder.uasset" 387
"../../../Engine/Content/BasicShapes/Cylinder.uexp" 388
"../../../Engine/Content/ArtTools/RenderToTexture/Materials/Debug/M_Emissive_Color.uasset" 389
"../../../Engine/Content/ArtTools/RenderToTexture/Materials/Debug/M_Emissive_Color.uexp" 390
"../../../Engine/Plugins/Lumin/MagicLeapPassableWorld/Content/MagicLeapARPinInfoActor.uasset" 391
"../../../Engine/Plugins/Lumin/MagicLeapPassableWorld/Content/MagicLeapARPinInfoActor.uexp" 392
"../../../Engine/Plugins/Runtime/OpenXR/Content/Devices/GoogleDaydream/MRTexture.uasset" 393
"../../../Engine/Plugins/Runtime/OpenXR/Content/Devices/GoogleDaydream/MRTexture.uexp" 394
"../../../Engine/Plugins/Runtime/OpenXR/Content/Devices/GoogleDaydream/MRTexture.ubulk" 395
"../../../Engine/Plugins/Runtime/OpenXR/Content/Devices/GoogleDaydream/BaseTexture.uasset" 396
"../../../Engine/Plugins/Runtime/OpenXR/Content/Devices/GoogleDaydream/BaseTexture.uexp" 397
"../../../Engine/Plugins/Runtime/OpenXR/Content/Devices/GoogleDaydream/BaseTexture.ubulk" 398
"../../../Engine/Content/EngineResources/Black.uasset" 399
"../../../Engine/Content/EngineResources/Black.uexp" 400
"../../../Engine/Plugins/Runtime/OpenXR/Content/Devices/M_XRController.uasset" 401
"../../../Engine/Plugins/Runtime/OpenXR/Content/Devices/M_XRController.uexp" 402
"../../../Engine/Plugins/Runtime/OpenXR/Content/Devices/GoogleDaydream/MI_GoogleDaydream.uasset" 403
"../../../Engine/Plugins/Runtime/OpenXR/Content/Devices/GoogleDaydream/MI_GoogleDaydream.uexp" 404
"../../../Engine/Plugins/Runtime/OpenXR/Content/Devices/GoogleDaydream/GoogleDaydreamController.uasset" 405
"../../../Engine/Plugins/Runtime/OpenXR/Content/Devices/GoogleDaydream/GoogleDaydreamController.uexp" 406
"../../../Engine/Plugins/Runtime/OpenXR/Content/Devices/HTCVive/BaseTexture.uasset" 407
"../../../Engine/Plugins/Runtime/OpenXR/Content/Devices/HTCVive/BaseTexture.uexp" 408
"../../../Engine/Plugins/Runtime/OpenXR/Content/Devices/HTCVive/BaseTexture.ubulk" 409
"../../../Engine/Plugins/Runtime/OpenXR/Content/Devices/HTCVive/MI_HTCVive.uasset" 410
"../../../Engine/Plugins/Runtime/OpenXR/Content/Devices/HTCVive/MI_HTCVive.uexp" 411
"../../../Engine/Plugins/Runtime/OpenXR/Content/Devices/HTCVive/HTCViveController.uasset" 412
"../../../Engine/Plugins/Runtime/OpenXR/Content/Devices/HTCVive/HTCViveController.uexp" 413
"../../../Engine/Plugins/Runtime/OpenXR/Content/Devices/MicrosoftMixedReality/NormalTexture.uasset" 414
"../../../Engine/Plugins/Runtime/OpenXR/Content/Devices/MicrosoftMixedReality/NormalTexture.uexp" 415
"../../../Engine/Plugins/Runtime/OpenXR/Content/Devices/MicrosoftMixedReality/NormalTexture.ubulk" 416
"../../../Engine/Plugins/Runtime/OpenXR/Content/Devices/MicrosoftMixedReality/MRTexture.uasset" 417
"../../../Engine/Plugins/Runtime/OpenXR/Content/Devices/MicrosoftMixedReality/MRTexture.uexp" 418
"../../../Engine/Plugins/Runtime/OpenXR/Content/Devices/MicrosoftMixedReality/MRTexture.ubulk" 419
"../../../Engine/Plugins/Runtime/OpenXR/Content/Devices/MicrosoftMixedReality/EmissiveTexture.uasset" 420
"../../../Engine/Plugins/Runtime/OpenXR/Content/Devices/MicrosoftMixedReality/EmissiveTexture.uexp" 421
"../../../Engine/Plugins/Runtime/OpenXR/Content/Devices/MicrosoftMixedReality/EmissiveTexture.ubulk" 422
"../../../Engine/Plugins/Runtime/OpenXR/Content/Devices/MicrosoftMixedReality/BaseTexture.uasset" 423
"../../../Engine/Plugins/Runtime/OpenXR/Content/Devices/MicrosoftMixedReality/BaseTexture.uexp" 424
"../../../Engine/Plugins/Runtime/OpenXR/Content/Devices/MicrosoftMixedReality/BaseTexture.ubulk" 425
"../../../Engine/Plugins/Runtime/OpenXR/Content/Devices/MicrosoftMixedReality/MI_MicrosoftMixedReality.uasset" 426
"../../../Engine/Plugins/Runtime/OpenXR/Content/Devices/MicrosoftMixedReality/MI_MicrosoftMixedReality.uexp" 427
"../../../Engine/Plugins/Runtime/OpenXR/Content/Devices/MicrosoftMixedReality/Left/left_MicrosoftMixedRealityController.uasset" 428
"../../../Engine/Plugins/Runtime/OpenXR/Content/Devices/MicrosoftMixedReality/Left/left_MicrosoftMixedRealityController.uexp" 429
"../../../Engine/Plugins/Runtime/OpenXR/Content/Devices/MicrosoftMixedReality/Right/right_MicrosoftMixedRealityController.uasset" 430
"../../../Engine/Plugins/Runtime/OpenXR/Content/Devices/MicrosoftMixedReality/Right/right_MicrosoftMixedRealityController.uexp" 431
"../../../Engine/Plugins/Runtime/OpenXR/Content/Devices/OculusGo/BaseTexture.uasset" 432
"../../../Engine/Plugins/Runtime/OpenXR/Content/Devices/OculusGo/BaseTexture.uexp" 433
"../../../Engine/Plugins/Runtime/OpenXR/Content/Devices/OculusGo/BaseTexture.ubulk" 434
"../../../Engine/Plugins/Runtime/OpenXR/Content/Devices/OculusGo/MI_OculusGo.uasset" 435
"../../../Engine/Plugins/Runtime/OpenXR/Content/Devices/OculusGo/MI_OculusGo.uexp" 436
"../../../Engine/Plugins/Runtime/OpenXR/Content/Devices/OculusGo/OculusGoController.uasset" 437
"../../../Engine/Plugins/Runtime/OpenXR/Content/Devices/OculusGo/OculusGoController.uexp" 438
"../../../Engine/Plugins/Runtime/OpenXR/Content/Devices/OculusTouch/MRTexture.uasset" 439
"../../../Engine/Plugins/Runtime/OpenXR/Content/Devices/OculusTouch/MRTexture.uexp" 440
"../../../Engine/Plugins/Runtime/OpenXR/Content/Devices/OculusTouch/MRTexture.ubulk" 441
"../../../Engine/Plugins/Runtime/OpenXR/Content/Devices/OculusTouch/BaseTexture.uasset" 442
"../../../Engine/Plugins/Runtime/OpenXR/Content/Devices/OculusTouch/BaseTexture.uexp" 443
"../../../Engine/Plugins/Runtime/OpenXR/Content/Devices/OculusTouch/BaseTexture.ubulk" 444
"../../../Engine/Plugins/Runtime/OpenXR/Content/Devices/OculusTouch/MI_OculusTouch.uasset" 445
"../../../Engine/Plugins/Runtime/OpenXR/Content/Devices/OculusTouch/MI_OculusTouch.uexp" 446
"../../../Engine/Plugins/Runtime/OpenXR/Content/Devices/OculusTouch/Left/left_OculusTouchController.uasset" 447
"../../../Engine/Plugins/Runtime/OpenXR/Content/Devices/OculusTouch/Left/left_OculusTouchController.uexp" 448
"../../../Engine/Plugins/Runtime/OpenXR/Content/Devices/OculusTouch/Right/right_OculusTouchController.uasset" 449
"../../../Engine/Plugins/Runtime/OpenXR/Content/Devices/OculusTouch/Right/right_OculusTouchController.uexp" 450
"../../../Engine/Plugins/Runtime/OpenXR/Content/Devices/OculusTouch_v2/MRTexture.uasset" 451
"../../../Engine/Plugins/Runtime/OpenXR/Content/Devices/OculusTouch_v2/MRTexture.uexp" 452
"../../../Engine/Plugins/Runtime/OpenXR/Content/Devices/OculusTouch_v2/MRTexture.ubulk" 453
"../../../Engine/Plugins/Runtime/OpenXR/Content/Devices/OculusTouch_v2/BaseTexture.uasset" 454
"../../../Engine/Plugins/Runtime/OpenXR/Content/Devices/OculusTouch_v2/BaseTexture.uexp" 455
"../../../Engine/Plugins/Runtime/OpenXR/Content/Devices/OculusTouch_v2/BaseTexture.ubulk" 456
"../../../Engine/Plugins/Runtime/OpenXR/Content/Devices/OculusTouch_v2/MI_OculusTouch_v2.uasset" 457
"../../../Engine/Plugins/Runtime/OpenXR/Content/Devices/OculusTouch_v2/MI_OculusTouch_v2.uexp" 458
"../../../Engine/Plugins/Runtime/OpenXR/Content/Devices/OculusTouch_v2/Left/left_OculusTouch_v2Controller.uasset" 459
"../../../Engine/Plugins/Runtime/OpenXR/Content/Devices/OculusTouch_v2/Left/left_OculusTouch_v2Controller.uexp" 460
"../../../Engine/Plugins/Runtime/OpenXR/Content/Devices/OculusTouch_v2/Right/right_OculusTouch_v2Controller.uasset" 461
"../../../Engine/Plugins/Runtime/OpenXR/Content/Devices/OculusTouch_v2/Right/right_OculusTouch_v2Controller.uexp" 462
"../../../Engine/Plugins/Runtime/OpenXR/Content/Devices/OculusTouch_v3/MRTexture.uasset" 463
"../../../Engine/Plugins/Runtime/OpenXR/Content/Devices/OculusTouch_v3/MRTexture.uexp" 464
"../../../Engine/Plugins/Runtime/OpenXR/Content/Devices/OculusTouch_v3/MRTexture.ubulk" 465
"../../../Engine/Plugins/Runtime/OpenXR/Content/Devices/OculusTouch_v3/BaseTexture.uasset" 466
"../../../Engine/Plugins/Runtime/OpenXR/Content/Devices/OculusTouch_v3/BaseTexture.uexp" 467
"../../../Engine/Plugins/Runtime/OpenXR/Content/Devices/OculusTouch_v3/BaseTexture.ubulk" 468
"../../../Engine/Plugins/Runtime/OpenXR/Content/Devices/OculusTouch_v3/MI_OculusTouch_v3.uasset" 469
"../../../Engine/Plugins/Runtime/OpenXR/Content/Devices/OculusTouch_v3/MI_OculusTouch_v3.uexp" 470
"../../../Engine/Plugins/Runtime/OpenXR/Content/Devices/OculusTouch_v3/Left/left_OculusTouch_v3Controller.uasset" 471
"../../../Engine/Plugins/Runtime/OpenXR/Content/Devices/OculusTouch_v3/Left/left_OculusTouch_v3Controller.uexp" 472
"../../../Engine/Plugins/Runtime/OpenXR/Content/Devices/OculusTouch_v3/Right/right_OculusTouch_v3Controller.uasset" 473
"../../../Engine/Plugins/Runtime/OpenXR/Content/Devices/OculusTouch_v3/Right/right_OculusTouch_v3Controller.uexp" 474
"../../../Engine/Plugins/Runtime/OpenXR/Content/Devices/ValveIndex/MRTexture.uasset" 475
"../../../Engine/Plugins/Runtime/OpenXR/Content/Devices/ValveIndex/MRTexture.uexp" 476
"../../../Engine/Plugins/Runtime/OpenXR/Content/Devices/ValveIndex/MRTexture.ubulk" 477
"../../../Engine/Plugins/Runtime/OpenXR/Content/Devices/ValveIndex/BaseTexture.uasset" 478
"../../../Engine/Plugins/Runtime/OpenXR/Content/Devices/ValveIndex/BaseTexture.uexp" 479
"../../../Engine/Plugins/Runtime/OpenXR/Content/Devices/ValveIndex/BaseTexture.ubulk" 480
"../../../Engine/Plugins/Runtime/OpenXR/Content/Devices/ValveIndex/Left/MI_left_ValveIndex.uasset" 481
"../../../Engine/Plugins/Runtime/OpenXR/Content/Devices/ValveIndex/Left/MI_left_ValveIndex.uexp" 482
"../../../Engine/Plugins/Runtime/OpenXR/Content/Devices/ValveIndex/Left/left_ValveIndexController.uasset" 483
"../../../Engine/Plugins/Runtime/OpenXR/Content/Devices/ValveIndex/Left/left_ValveIndexController.uexp" 484
"../../../Engine/Plugins/Runtime/OpenXR/Content/Devices/ValveIndex/Right/MI_right_ValveIndex.uasset" 485
"../../../Engine/Plugins/Runtime/OpenXR/Content/Devices/ValveIndex/Right/MI_right_ValveIndex.uexp" 486
"../../../Engine/Plugins/Runtime/OpenXR/Content/Devices/ValveIndex/Right/right_ValveIndexController.uasset" 487
"../../../Engine/Plugins/Runtime/OpenXR/Content/Devices/ValveIndex/Right/right_ValveIndexController.uexp" 488
"../../../Engine/Content/Functions/Engine_MaterialFunctions02/Utility/MakeFloat3.uasset" 489
"../../../Engine/Content/Functions/Engine_MaterialFunctions02/Utility/MakeFloat3.uexp" 490
"../../../Engine/Content/Functions/Engine_MaterialFunctions02/Utility/BreakOutFloat4Components.uasset" 491
"../../../Engine/Content/Functions/Engine_MaterialFunctions02/Utility/BreakOutFloat4Components.uexp" 492
"../../../Engine/Plugins/Runtime/Oculus/OculusVR/Content/Materials/OculusMR_ChromaKey.uasset" 493
"../../../Engine/Plugins/Runtime/Oculus/OculusVR/Content/Materials/OculusMR_ChromaKey.uexp" 494
"../../../Engine/Plugins/Runtime/Oculus/OculusVR/Content/Materials/OculusMR_OpaqueColoredMaterial.uasset" 495
"../../../Engine/Plugins/Runtime/Oculus/OculusVR/Content/Materials/OculusMR_OpaqueColoredMaterial.uexp" 496
"../../../Engine/Plugins/Runtime/Oculus/OculusVR/Content/Materials/PokeAHoleMaterial.uasset" 497
"../../../Engine/Plugins/Runtime/Oculus/OculusVR/Content/Materials/PokeAHoleMaterial.uexp" 498
"../../../Engine/Plugins/Runtime/Oculus/OculusVR/Content/Textures/touchController_controlmap.uasset" 499
"../../../Engine/Plugins/Runtime/Oculus/OculusVR/Content/Textures/touchController_controlmap.uexp" 500
"../../../Engine/Plugins/Runtime/Oculus/OculusVR/Content/Textures/touchController_controlmap.ubulk" 501
"../../../Engine/Plugins/Runtime/Oculus/OculusVR/Content/Textures/touchController_albedo.uasset" 502
"../../../Engine/Plugins/Runtime/Oculus/OculusVR/Content/Textures/touchController_albedo.uexp" 503
"../../../Engine/Plugins/Runtime/Oculus/OculusVR/Content/Textures/touchController_albedo.ubulk" 504
"../../../Engine/Plugins/Runtime/Oculus/OculusVR/Content/Materials/touchController_mat.uasset" 505
"../../../Engine/Plugins/Runtime/Oculus/OculusVR/Content/Materials/touchController_mat.uexp" 506
"../../../Engine/Plugins/Runtime/Oculus/OculusVR/Content/Meshes/LeftTouchController.uasset" 507
"../../../Engine/Plugins/Runtime/Oculus/OculusVR/Content/Meshes/LeftTouchController.uexp" 508
"../../../Engine/Plugins/Runtime/Oculus/OculusVR/Content/Textures/TouchForQuestRiftSController_albedo.uasset" 509
"../../../Engine/Plugins/Runtime/Oculus/OculusVR/Content/Textures/TouchForQuestRiftSController_albedo.uexp" 510
"../../../Engine/Plugins/Runtime/Oculus/OculusVR/Content/Textures/TouchForQuestRiftSController_albedo.ubulk" 511
"../../../Engine/Plugins/Runtime/Oculus/OculusVR/Content/Materials/TouchForQuestRiftSControllerMaterial.uasset" 512
"../../../Engine/Plugins/Runtime/Oculus/OculusVR/Content/Materials/TouchForQuestRiftSControllerMaterial.uexp" 513
"../../../Engine/Plugins/Runtime/Oculus/OculusVR/Content/Meshes/LeftTouchForQuestRiftSController.uasset" 514
"../../../Engine/Plugins/Runtime/Oculus/OculusVR/Content/Meshes/LeftTouchForQuestRiftSController.uexp" 515
"../../../Engine/Plugins/Runtime/Oculus/OculusVR/Content/Meshes/RiftHMD.uasset" 516
"../../../Engine/Plugins/Runtime/Oculus/OculusVR/Content/Meshes/RiftHMD.uexp" 517
"../../../Engine/Plugins/Runtime/Oculus/OculusVR/Content/Meshes/RightTouchController.uasset" 518
"../../../Engine/Plugins/Runtime/Oculus/OculusVR/Content/Meshes/RightTouchController.uexp" 519
"../../../Engine/Plugins/Runtime/Oculus/OculusVR/Content/Meshes/RightTouchForQuestRiftSController.uasset" 520
"../../../Engine/Plugins/Runtime/Oculus/OculusVR/Content/Meshes/RightTouchForQuestRiftSController.uexp" 521
"D:/uni/gamedev/Banana Panic/BananaPanicPt.2/Content/2DSideScrollerBP/Widgets/retry.uasset" 522
"D:/uni/gamedev/Banana Panic/BananaPanicPt.2/Content/2DSideScrollerBP/Widgets/retry.uexp" 523
"D:/uni/gamedev/Banana Panic/BananaPanicPt.2/Content/2DSideScrollerBP/Widgets/Next.uasset" 524
"D:/uni/gamedev/Banana Panic/BananaPanicPt.2/Content/2DSideScrollerBP/Widgets/Next.uexp" 525
"D:/uni/gamedev/Banana Panic/BananaPanicPt.2/Content/2DSideScrollerBP/Widgets/menu1.uasset" 526
"D:/uni/gamedev/Banana Panic/BananaPanicPt.2/Content/2DSideScrollerBP/Widgets/menu1.uexp" 527
"D:/uni/gamedev/Banana Panic/BananaPanicPt.2/Content/2DSideScrollerBP/Widgets/levelClear1.uasset" 528
"D:/uni/gamedev/Banana Panic/BananaPanicPt.2/Content/2DSideScrollerBP/Widgets/levelClear1.uexp" 529
"D:/uni/gamedev/Banana Panic/BananaPanicPt.2/Content/2DSideScrollerBP/Music/final_Victory_IV.uasset" 530
"D:/uni/gamedev/Banana Panic/BananaPanicPt.2/Content/2DSideScrollerBP/Music/final_Victory_IV.uexp" 531
"D:/uni/gamedev/Banana Panic/BananaPanicPt.2/Content/2DSideScrollerBP/Save/MySaveGame.uasset" 532
"D:/uni/gamedev/Banana Panic/BananaPanicPt.2/Content/2DSideScrollerBP/Save/MySaveGame.uexp" 533
"../../../Engine/Plugins/2D/Paper2D/Content/TranslucentUnlitSpriteMaterial.uasset" 534
"../../../Engine/Plugins/2D/Paper2D/Content/TranslucentUnlitSpriteMaterial.uexp" 535
"D:/uni/gamedev/Banana Panic/BananaPanicPt.2/Content/2DSideScrollerBP/Character/Banana/255162985_571819497427234_4350130307494308311_n.uasset" 536
"D:/uni/gamedev/Banana Panic/BananaPanicPt.2/Content/2DSideScrollerBP/Character/Banana/255162985_571819497427234_4350130307494308311_n.uexp" 537
"D:/uni/gamedev/Banana Panic/BananaPanicPt.2/Content/2DSideScrollerBP/element/key.uasset" 538
"D:/uni/gamedev/Banana Panic/BananaPanicPt.2/Content/2DSideScrollerBP/element/key.uexp" 539
"D:/uni/gamedev/Banana Panic/BananaPanicPt.2/Content/2DSideScrollerBP/element/255162985_571819497427234_4350130307494308311_n_Sprite_6.uasset" 540
"D:/uni/gamedev/Banana Panic/BananaPanicPt.2/Content/2DSideScrollerBP/element/255162985_571819497427234_4350130307494308311_n_Sprite_6.uexp" 541
"D:/uni/gamedev/Banana Panic/BananaPanicPt.2/Content/2DSideScrollerBP/element/255162985_571819497427234_4350130307494308311_n_Sprite_5.uasset" 542
"D:/uni/gamedev/Banana Panic/BananaPanicPt.2/Content/2DSideScrollerBP/element/255162985_571819497427234_4350130307494308311_n_Sprite_5.uexp" 543
"D:/uni/gamedev/Banana Panic/BananaPanicPt.2/Content/2DSideScrollerBP/element/255162985_571819497427234_4350130307494308311_n_Sprite_4.uasset" 544
"D:/uni/gamedev/Banana Panic/BananaPanicPt.2/Content/2DSideScrollerBP/element/255162985_571819497427234_4350130307494308311_n_Sprite_4.uexp" 545
"D:/uni/gamedev/Banana Panic/BananaPanicPt.2/Content/2DSideScrollerBP/element/255162985_571819497427234_4350130307494308311_n_Sprite_3.uasset" 546
"D:/uni/gamedev/Banana Panic/BananaPanicPt.2/Content/2DSideScrollerBP/element/255162985_571819497427234_4350130307494308311_n_Sprite_3.uexp" 547
"D:/uni/gamedev/Banana Panic/BananaPanicPt.2/Content/2DSideScrollerBP/element/255162985_571819497427234_4350130307494308311_n_Sprite_2.uasset" 548
"D:/uni/gamedev/Banana Panic/BananaPanicPt.2/Content/2DSideScrollerBP/element/255162985_571819497427234_4350130307494308311_n_Sprite_2.uexp" 549
"D:/uni/gamedev/Banana Panic/BananaPanicPt.2/Content/2DSideScrollerBP/element/255162985_571819497427234_4350130307494308311_n_Sprite_1.uasset" 550
"D:/uni/gamedev/Banana Panic/BananaPanicPt.2/Content/2DSideScrollerBP/element/255162985_571819497427234_4350130307494308311_n_Sprite_1.uexp" 551
"D:/uni/gamedev/Banana Panic/BananaPanicPt.2/Content/2DSideScrollerBP/element/255162985_571819497427234_4350130307494308311_n_Sprite_0.uasset" 552
"D:/uni/gamedev/Banana Panic/BananaPanicPt.2/Content/2DSideScrollerBP/element/255162985_571819497427234_4350130307494308311_n_Sprite_0.uexp" 553
"D:/uni/gamedev/Banana Panic/BananaPanicPt.2/Content/2DSideScrollerBP/element/bananafinish.uasset" 554
"D:/uni/gamedev/Banana Panic/BananaPanicPt.2/Content/2DSideScrollerBP/element/bananafinish.uexp" 555
"../../../Engine/Content/EditorBlueprintResources/StandardMacros.uasset" 556
"../../../Engine/Content/EditorBlueprintResources/StandardMacros.uexp" 557
"D:/uni/gamedev/Banana Panic/BananaPanicPt.2/Content/2DSideScrollerBP/Music/ouhhhh.uasset" 558
"D:/uni/gamedev/Banana Panic/BananaPanicPt.2/Content/2DSideScrollerBP/Music/ouhhhh.uexp" 559
"D:/uni/gamedev/Banana Panic/BananaPanicPt.2/Content/2DSideScrollerBP/Music/ouhhhh_Cue.uasset" 560
"D:/uni/gamedev/Banana Panic/BananaPanicPt.2/Content/2DSideScrollerBP/Music/ouhhhh_Cue.uexp" 561
"D:/uni/gamedev/Banana Panic/BananaPanicPt.2/Content/2DSideScrollerBP/Character/Banana/banana_spritesheet_with_peels.uasset" 562
"D:/uni/gamedev/Banana Panic/BananaPanicPt.2/Content/2DSideScrollerBP/Character/Banana/banana_spritesheet_with_peels.uexp" 563
"D:/uni/gamedev/Banana Panic/BananaPanicPt.2/Content/2DSideScrollerBP/Character/Banana/banana_spritesheet_with_peels_BRun1_1.uasset" 564
"D:/uni/gamedev/Banana Panic/BananaPanicPt.2/Content/2DSideScrollerBP/Character/Banana/banana_spritesheet_with_peels_BRun1_1.uexp" 565
"D:/uni/gamedev/Banana Panic/BananaPanicPt.2/Content/2DSideScrollerBP/Character/Banana/banana_spritesheet_with_peels_BRun1_2.uasset" 566
"D:/uni/gamedev/Banana Panic/BananaPanicPt.2/Content/2DSideScrollerBP/Character/Banana/banana_spritesheet_with_peels_BRun1_2.uexp" 567
"D:/uni/gamedev/Banana Panic/BananaPanicPt.2/Content/2DSideScrollerBP/Character/Banana/banana_spritesheet_with_peels_BRun1_3.uasset" 568
"D:/uni/gamedev/Banana Panic/BananaPanicPt.2/Content/2DSideScrollerBP/Character/Banana/banana_spritesheet_with_peels_BRun1_3.uexp" 569
"D:/uni/gamedev/Banana Panic/BananaPanicPt.2/Content/2DSideScrollerBP/Character/Banana/banana_spritesheet_with_peels_BRun1_4.uasset" 570
"D:/uni/gamedev/Banana Panic/BananaPanicPt.2/Content/2DSideScrollerBP/Character/Banana/banana_spritesheet_with_peels_BRun1_4.uexp" 571
"D:/uni/gamedev/Banana Panic/BananaPanicPt.2/Content/2DSideScrollerBP/Character/Banana/RunPeel.uasset" 572
"D:/uni/gamedev/Banana Panic/BananaPanicPt.2/Content/2DSideScrollerBP/Character/Banana/RunPeel.uexp" 573
"../../../Engine/Plugins/FX/Niagara/Content/Modules/Update/Orientation/SpriteRotationRate.uasset" 574
"../../../Engine/Plugins/FX/Niagara/Content/Modules/Update/Orientation/SpriteRotationRate.uexp" 575
"../../../Engine/Plugins/FX/Niagara/Content/Enums/SpriteRenderer/ENiagara_ScaleSpriteSize.uasset" 576
"../../../Engine/Plugins/FX/Niagara/Content/Enums/SpriteRenderer/ENiagara_ScaleSpriteSize.uexp" 577
"../../../Engine/Plugins/FX/Niagara/Content/Modules/Update/Size/ScaleSpriteSize.uasset" 578
"../../../Engine/Plugins/FX/Niagara/Content/Modules/Update/Size/ScaleSpriteSize.uexp" 579
"../../../Engine/Plugins/FX/Niagara/Content/Enums/ENiagaraRandomnessMode.uasset" 580
"../../../Engine/Plugins/FX/Niagara/Content/Enums/ENiagaraRandomnessMode.uexp" 581
"../../../Engine/Plugins/FX/Niagara/Content/Functions/GetRandomInfo.uasset" 582
"../../../Engine/Plugins/FX/Niagara/Content/Functions/GetRandomInfo.uexp" 583
"../../../Engine/Plugins/FX/Niagara/Content/Functions/RandomRangeFloat.uasset" 584
"../../../Engine/Plugins/FX/Niagara/Content/Functions/RandomRangeFloat.uexp" 585
"../../../Engine/Plugins/FX/Niagara/Content/Modules/Emitter/SpawnRate.uasset" 586
"../../../Engine/Plugins/FX/Niagara/Content/Modules/Emitter/SpawnRate.uexp" 587
"../../../Engine/Plugins/FX/Niagara/Content/Enums/ENiagaraRandomnessEvaluation.uasset" 588
"../../../Engine/Plugins/FX/Niagara/Content/Enums/ENiagaraRandomnessEvaluation.uexp" 589
"../../../Engine/Plugins/FX/Niagara/Content/Functions/V2/CalculateRandomRangeFloat.uasset" 590
"../../../Engine/Plugins/FX/Niagara/Content/Functions/V2/CalculateRandomRangeFloat.uexp" 591
"../../../Engine/Plugins/FX/Niagara/Content/DynamicInputs/UniformRange/V2/RandomRangeFloat.uasset" 592
"../../../Engine/Plugins/FX/Niagara/Content/DynamicInputs/UniformRange/V2/RandomRangeFloat.uexp" 593
"../../../Engine/Plugins/FX/Niagara/Content/Enums/ENiagara_EmitterStateOptions.uasset" 594
"../../../Engine/Plugins/FX/Niagara/Content/Enums/ENiagara_EmitterStateOptions.uexp" 595
"../../../Engine/Plugins/FX/Niagara/Content/Functions/Emitter/EmitterChangeState.uasset" 596
"../../../Engine/Plugins/FX/Niagara/Content/Functions/Emitter/EmitterChangeState.uexp" 597
"../../../Engine/Plugins/FX/Niagara/Content/Enums/ENiagaraExecutionStateManagement.uasset" 598
"../../../Engine/Plugins/FX/Niagara/Content/Enums/ENiagaraExecutionStateManagement.uexp" 599
"../../../Engine/Plugins/FX/Niagara/Content/Enums/ENiagara_InfiniteLoopDuration.uasset" 600
"../../../Engine/Plugins/FX/Niagara/Content/Enums/ENiagara_InfiniteLoopDuration.uexp" 601
"../../../Engine/Plugins/FX/Niagara/Content/Enums/ENiagaraEmitterScalabilityMode_Limited.uasset" 602
"../../../Engine/Plugins/FX/Niagara/Content/Enums/ENiagaraEmitterScalabilityMode_Limited.uexp" 603
"../../../Engine/Plugins/FX/Niagara/Content/Enums/ENiagaraInactiveMode.uasset" 604
"../../../Engine/Plugins/FX/Niagara/Content/Enums/ENiagaraInactiveMode.uexp" 605
"../../../Engine/Plugins/FX/Niagara/Content/Enums/ENiagaraEmitterLifeCycleMode.uasset" 606
"../../../Engine/Plugins/FX/Niagara/Content/Enums/ENiagaraEmitterLifeCycleMode.uexp" 607
"../../../Engine/Plugins/FX/Niagara/Content/Modules/Emitter/EmitterState.uasset" 608
"../../../Engine/Plugins/FX/Niagara/Content/Modules/Emitter/EmitterState.uexp" 609
"../../../Engine/Plugins/FX/Niagara/Content/Functions/DirectionAndLengthSafe.uasset" 610
"../../../Engine/Plugins/FX/Niagara/Content/Functions/DirectionAndLengthSafe.uexp" 611
"../../../Engine/Plugins/FX/Niagara/Content/Functions/Localspace/SimulationPosition.uasset" 612
"../../../Engine/Plugins/FX/Niagara/Content/Functions/Localspace/SimulationPosition.uexp" 613
"../../../Engine/Plugins/FX/Niagara/Content/Modules/Solvers/SolveForcesAndVelocity.uasset" 614
"../../../Engine/Plugins/FX/Niagara/Content/Modules/Solvers/SolveForcesAndVelocity.uexp" 615
"../../../Engine/Plugins/FX/Niagara/Content/Functions/V2/CalculateRandomRangeInteger.uasset" 616
"../../../Engine/Plugins/FX/Niagara/Content/Functions/V2/CalculateRandomRangeInteger.uexp" 617
"../../../Engine/Plugins/FX/Niagara/Content/Functions/V2/CalculateRandomBool.uasset" 618
"../../../Engine/Plugins/FX/Niagara/Content/Functions/V2/CalculateRandomBool.uexp" 619
"../../../Engine/Plugins/FX/Niagara/Content/Functions/Localspace/TransformBase.uasset" 620
"../../../Engine/Plugins/FX/Niagara/Content/Functions/Localspace/TransformBase.uexp" 621
"../../../Engine/Plugins/FX/Niagara/Content/Functions/Localspace/TransformVector.uasset" 622
"../../../Engine/Plugins/FX/Niagara/Content/Functions/Localspace/TransformVector.uexp" 623
"../../../Engine/Plugins/FX/Niagara/Content/Functions/LinearColor/HueShiftLinearColor.uasset" 624
"../../../Engine/Plugins/FX/Niagara/Content/Functions/LinearColor/HueShiftLinearColor.uexp" 625
"../../../Engine/Plugins/FX/Niagara/Content/Functions/V2/CalculateRandomRange.uasset" 626
"../../../Engine/Plugins/FX/Niagara/Content/Functions/V2/CalculateRandomRange.uexp" 627
"../../../Engine/Plugins/FX/Niagara/Content/Enums/ENiagara_ColorInitializationMode.uasset" 628
"../../../Engine/Plugins/FX/Niagara/Content/Enums/ENiagara_ColorInitializationMode.uexp" 629
"../../../Engine/Plugins/FX/Niagara/Content/Enums/ENiagara_MassInitializationMode.uasset" 630
"../../../Engine/Plugins/FX/Niagara/Content/Enums/ENiagara_MassInitializationMode.uexp" 631
"../../../Engine/Plugins/FX/Niagara/Content/Enums/ENiagara_LifetimeMode.uasset" 632
"../../../Engine/Plugins/FX/Niagara/Content/Enums/ENiagara_LifetimeMode.uexp" 633
"../../../Engine/Plugins/FX/Niagara/Content/Enums/ENiagara_PositionInitializationMode.uasset" 634
"../../../Engine/Plugins/FX/Niagara/Content/Enums/ENiagara_PositionInitializationMode.uexp" 635
"../../../Engine/Plugins/FX/Niagara/Content/Enums/ENiagara_SizeScaleMode.uasset" 636
"../../../Engine/Plugins/FX/Niagara/Content/Enums/ENiagara_SizeScaleMode.uexp" 637
"../../../Engine/Plugins/FX/Niagara/Content/Enums/ENiagara_SpriteRotationMode.uasset" 638
"../../../Engine/Plugins/FX/Niagara/Content/Enums/ENiagara_SpriteRotationMode.uexp" 639
"../../../Engine/Plugins/FX/Niagara/Content/Enums/ENiagara_UVFlippingMode.uasset" 640
"../../../Engine/Plugins/FX/Niagara/Content/Enums/ENiagara_UVFlippingMode.uexp" 641
"../../../Engine/Plugins/FX/Niagara/Content/Enums/ENiagaraChannelCorrelation.uasset" 642
"../../../Engine/Plugins/FX/Niagara/Content/Enums/ENiagaraChannelCorrelation.uexp" 643
"../../../Engine/Plugins/FX/Niagara/Content/Enums/Ribbons/ENiagara_UnsetDirectSetRandom.uasset" 644
"../../../Engine/Plugins/FX/Niagara/Content/Enums/Ribbons/ENiagara_UnsetDirectSetRandom.uexp" 645
"../../../Engine/Plugins/FX/Niagara/Content/Modules/Spawn/Initialization/V2/InitializeParticle.uasset" 646
"../../../Engine/Plugins/FX/Niagara/Content/Modules/Spawn/Initialization/V2/InitializeParticle.uexp" 647
"../../../Engine/Plugins/FX/Niagara/Content/Functions/System/SystemChangeState.uasset" 648
"../../../Engine/Plugins/FX/Niagara/Content/Functions/System/SystemChangeState.uexp" 649
"../../../Engine/Plugins/FX/Niagara/Content/Enums/ENiagaraSystemInactiveMode.uasset" 650
"../../../Engine/Plugins/FX/Niagara/Content/Enums/ENiagaraSystemInactiveMode.uexp" 651
"../../../Engine/Plugins/FX/Niagara/Content/Modules/System/SystemState.uasset" 652
"../../../Engine/Plugins/FX/Niagara/Content/Modules/System/SystemState.uexp" 653
"../../../Engine/Plugins/FX/Niagara/Content/Modules/Update/Lifetime/ParticleState.uasset" 654
"../../../Engine/Plugins/FX/Niagara/Content/Modules/Update/Lifetime/ParticleState.uexp" 655
"D:/uni/gamedev/Banana Panic/BananaPanicPt.2/Content/2DSideScrollerBP/Effect/star.uasset" 656
"D:/uni/gamedev/Banana Panic/BananaPanicPt.2/Content/2DSideScrollerBP/Effect/star.uexp" 657
"D:/uni/gamedev/Banana Panic/BananaPanicPt.2/Content/2DSideScrollerBP/Effect/puff.uasset" 658
"D:/uni/gamedev/Banana Panic/BananaPanicPt.2/Content/2DSideScrollerBP/Effect/puff.uexp" 659
"D:/uni/gamedev/Banana Panic/BananaPanicPt.2/Content/2DSideScrollerBP/Effect/Startui.uasset" 660
"D:/uni/gamedev/Banana Panic/BananaPanicPt.2/Content/2DSideScrollerBP/Effect/Startui.uexp" 661
"D:/uni/gamedev/Banana Panic/BananaPanicPt.2/Content/2DSideScrollerBP/StageObjects/Player_BPI.uasset" 662
"D:/uni/gamedev/Banana Panic/BananaPanicPt.2/Content/2DSideScrollerBP/StageObjects/Player_BPI.uexp" 663
"D:/uni/gamedev/Banana Panic/BananaPanicPt.2/Content/2DSideScrollerBP/StageObjects/Interactables.uasset" 664
"D:/uni/gamedev/Banana Panic/BananaPanicPt.2/Content/2DSideScrollerBP/StageObjects/Interactables.uexp" 665
"D:/uni/gamedev/Banana Panic/BananaPanicPt.2/Content/2DSideScrollerBP/Character/Banana/banana_spritesheet_no_peels.uasset" 666
"D:/uni/gamedev/Banana Panic/BananaPanicPt.2/Content/2DSideScrollerBP/Character/Banana/banana_spritesheet_no_peels.uexp" 667
"D:/uni/gamedev/Banana Panic/BananaPanicPt.2/Content/2DSideScrollerBP/Character/Banana/banana_spritesheet_no_peels_Sprite_2.uasset" 668
"D:/uni/gamedev/Banana Panic/BananaPanicPt.2/Content/2DSideScrollerBP/Character/Banana/banana_spritesheet_no_peels_Sprite_2.uexp" 669
"D:/uni/gamedev/Banana Panic/BananaPanicPt.2/Content/2DSideScrollerBP/Character/Banana/banana_spritesheet_no_peels_Sprite_3.uasset" 670
"D:/uni/gamedev/Banana Panic/BananaPanicPt.2/Content/2DSideScrollerBP/Character/Banana/banana_spritesheet_no_peels_Sprite_3.uexp" 671
"D:/uni/gamedev/Banana Panic/BananaPanicPt.2/Content/2DSideScrollerBP/Character/Banana/banana_spritesheet_no_peels_Sprite_4.uasset" 672
"D:/uni/gamedev/Banana Panic/BananaPanicPt.2/Content/2DSideScrollerBP/Character/Banana/banana_spritesheet_no_peels_Sprite_4.uexp" 673
"D:/uni/gamedev/Banana Panic/BananaPanicPt.2/Content/2DSideScrollerBP/Character/Banana/banana_spritesheet_no_peels_Sprite_1.uasset" 674
"D:/uni/gamedev/Banana Panic/BananaPanicPt.2/Content/2DSideScrollerBP/Character/Banana/banana_spritesheet_no_peels_Sprite_1.uexp" 675
"D:/uni/gamedev/Banana Panic/BananaPanicPt.2/Content/2DSideScrollerBP/Character/Banana/nopeel_run.uasset" 676
"D:/uni/gamedev/Banana Panic/BananaPanicPt.2/Content/2DSideScrollerBP/Character/Banana/nopeel_run.uexp" 677
"D:/uni/gamedev/Banana Panic/BananaPanicPt.2/Content/2DSideScrollerBP/Character/Banana/banana_spritesheet_no_peels_Sprite_0.uasset" 678
"D:/uni/gamedev/Banana Panic/BananaPanicPt.2/Content/2DSideScrollerBP/Character/Banana/banana_spritesheet_no_peels_Sprite_0.uexp" 679
"D:/uni/gamedev/Banana Panic/BananaPanicPt.2/Content/2DSideScrollerBP/Character/Banana/nopeel_idle.uasset" 680
"D:/uni/gamedev/Banana Panic/BananaPanicPt.2/Content/2DSideScrollerBP/Character/Banana/nopeel_idle.uexp" 681
"D:/uni/gamedev/Banana Panic/BananaPanicPt.2/Content/2DSideScrollerBP/Character/Banana/banana_spritesheet_no_peels_Sprite_6.uasset" 682
"D:/uni/gamedev/Banana Panic/BananaPanicPt.2/Content/2DSideScrollerBP/Character/Banana/banana_spritesheet_no_peels_Sprite_6.uexp" 683
"D:/uni/gamedev/Banana Panic/BananaPanicPt.2/Content/2DSideScrollerBP/Character/Banana/nopeel_brake.uasset" 684
"D:/uni/gamedev/Banana Panic/BananaPanicPt.2/Content/2DSideScrollerBP/Character/Banana/nopeel_brake.uexp" 685
"D:/uni/gamedev/Banana Panic/BananaPanicPt.2/Content/2DSideScrollerBP/Character/Banana/banana_spritesheet_with_peels_BRun1_5.uasset" 686
"D:/uni/gamedev/Banana Panic/BananaPanicPt.2/Content/2DSideScrollerBP/Character/Banana/banana_spritesheet_with_peels_BRun1_5.uexp" 687
"D:/uni/gamedev/Banana Panic/BananaPanicPt.2/Content/2DSideScrollerBP/Character/Banana/jump.uasset" 688
"D:/uni/gamedev/Banana Panic/BananaPanicPt.2/Content/2DSideScrollerBP/Character/Banana/jump.uexp" 689
"D:/uni/gamedev/Banana Panic/BananaPanicPt.2/Content/2DSideScrollerBP/Character/Banana/banana_spritesheet_with_peels_BRun1_0.uasset" 690
"D:/uni/gamedev/Banana Panic/BananaPanicPt.2/Content/2DSideScrollerBP/Character/Banana/banana_spritesheet_with_peels_BRun1_0.uexp" 691
"D:/uni/gamedev/Banana Panic/BananaPanicPt.2/Content/2DSideScrollerBP/Character/Banana/Idle.uasset" 692
"D:/uni/gamedev/Banana Panic/BananaPanicPt.2/Content/2DSideScrollerBP/Character/Banana/Idle.uexp" 693
"D:/uni/gamedev/Banana Panic/BananaPanicPt.2/Content/2DSideScrollerBP/Character/Banana/banana_spritesheet_no_peels_Sprite_8.uasset" 694
"D:/uni/gamedev/Banana Panic/BananaPanicPt.2/Content/2DSideScrollerBP/Character/Banana/banana_spritesheet_no_peels_Sprite_8.uexp" 695
"D:/uni/gamedev/Banana Panic/BananaPanicPt.2/Content/2DSideScrollerBP/Character/Banana/death.uasset" 696
"D:/uni/gamedev/Banana Panic/BananaPanicPt.2/Content/2DSideScrollerBP/Character/Banana/death.uexp" 697
"D:/uni/gamedev/Banana Panic/BananaPanicPt.2/Content/2DSideScrollerBP/Character/Banana/banana_spritesheet_no_peels_Sprite_7.uasset" 698
"D:/uni/gamedev/Banana Panic/BananaPanicPt.2/Content/2DSideScrollerBP/Character/Banana/banana_spritesheet_no_peels_Sprite_7.uexp" 699
"D:/uni/gamedev/Banana Panic/BananaPanicPt.2/Content/2DSideScrollerBP/Character/Banana/dash.uasset" 700
"D:/uni/gamedev/Banana Panic/BananaPanicPt.2/Content/2DSideScrollerBP/Character/Banana/dash.uexp" 701
"D:/uni/gamedev/Banana Panic/BananaPanicPt.2/Content/2DSideScrollerBP/Character/Banana/banana_spritesheet_with_peels_BRun1_6.uasset" 702
"D:/uni/gamedev/Banana Panic/BananaPanicPt.2/Content/2DSideScrollerBP/Character/Banana/banana_spritesheet_with_peels_BRun1_6.uexp" 703
"D:/uni/gamedev/Banana Panic/BananaPanicPt.2/Content/2DSideScrollerBP/Character/Banana/Brake.uasset" 704
"D:/uni/gamedev/Banana Panic/BananaPanicPt.2/Content/2DSideScrollerBP/Character/Banana/Brake.uexp" 705
"D:/uni/gamedev/Banana Panic/BananaPanicPt.2/Content/2DSideScrollerBP/Character/Banana/banana_spritesheet_no_peels_Sprite_5.uasset" 706
"D:/uni/gamedev/Banana Panic/BananaPanicPt.2/Content/2DSideScrollerBP/Character/Banana/banana_spritesheet_no_peels_Sprite_5.uexp" 707
"D:/uni/gamedev/Banana Panic/BananaPanicPt.2/Content/2DSideScrollerBP/Character/Banana/nopeel_jump.uasset" 708
"D:/uni/gamedev/Banana Panic/BananaPanicPt.2/Content/2DSideScrollerBP/Character/Banana/nopeel_jump.uexp" 709
"D:/uni/gamedev/Banana Panic/BananaPanicPt.2/Content/2DSideScrollerBP/Character/Banana/Player.uasset" 710
"D:/uni/gamedev/Banana Panic/BananaPanicPt.2/Content/2DSideScrollerBP/Character/Banana/Player.uexp" 711
"D:/uni/gamedev/Banana Panic/BananaPanicPt.2/Content/2DSideScrollerBP/element/key_Blueprint_3.uasset" 712
"D:/uni/gamedev/Banana Panic/BananaPanicPt.2/Content/2DSideScrollerBP/element/key_Blueprint_3.uexp" 713
"D:/uni/gamedev/Banana Panic/BananaPanicPt.2/Content/2DSideScrollerBP/element/key_Blueprint_2.uasset" 714
"D:/uni/gamedev/Banana Panic/BananaPanicPt.2/Content/2DSideScrollerBP/element/key_Blueprint_2.uexp" 715
"D:/uni/gamedev/Banana Panic/BananaPanicPt.2/Content/2DSideScrollerBP/element/key_Blueprint.uasset" 716
"D:/uni/gamedev/Banana Panic/BananaPanicPt.2/Content/2DSideScrollerBP/element/key_Blueprint.uexp" 717
"D:/uni/gamedev/Banana Panic/BananaPanicPt.2/Content/2DSideScrollerBP/Tileset/clear_bg.uasset" 718
"D:/uni/gamedev/Banana Panic/BananaPanicPt.2/Content/2DSideScrollerBP/Tileset/clear_bg.uexp" 719
"D:/uni/gamedev/Banana Panic/BananaPanicPt.2/Content/2DSideScrollerBP/Widgets/LevelClear.uasset" 720
"D:/uni/gamedev/Banana Panic/BananaPanicPt.2/Content/2DSideScrollerBP/Widgets/LevelClear.uexp" 721
"D:/uni/gamedev/Banana Panic/BananaPanicPt.2/Content/2DSideScrollerBP/VIdeo/Endingscreen.uasset" 722
"D:/uni/gamedev/Banana Panic/BananaPanicPt.2/Content/2DSideScrollerBP/VIdeo/Endingscreen.uexp" 723
"D:/uni/gamedev/Banana Panic/BananaPanicPt.2/Content/2DSideScrollerBP/VIdeo/Endingscreen_Video.uasset" 724
"D:/uni/gamedev/Banana Panic/BananaPanicPt.2/Content/2DSideScrollerBP/VIdeo/Endingscreen_Video.uexp" 725
"D:/uni/gamedev/Banana Panic/BananaPanicPt.2/Content/2DSideScrollerBP/VIdeo/Endingscreen_Video_Mat.uasset" 726
"D:/uni/gamedev/Banana Panic/BananaPanicPt.2/Content/2DSideScrollerBP/VIdeo/Endingscreen_Video_Mat.uexp" 727
"D:/uni/gamedev/Banana Panic/BananaPanicPt.2/Content/2DSideScrollerBP/VIdeo/ending.uasset" 728
"D:/uni/gamedev/Banana Panic/BananaPanicPt.2/Content/2DSideScrollerBP/VIdeo/ending.uexp" 729
"D:/uni/gamedev/Banana Panic/BananaPanicPt.2/Content/2DSideScrollerBP/VIdeo/EndingWidget.uasset" 730
"D:/uni/gamedev/Banana Panic/BananaPanicPt.2/Content/2DSideScrollerBP/VIdeo/EndingWidget.uexp" 731
"D:/uni/gamedev/Banana Panic/BananaPanicPt.2/Content/2DSideScrollerBP/Tileset/lever.uasset" 732
"D:/uni/gamedev/Banana Panic/BananaPanicPt.2/Content/2DSideScrollerBP/Tileset/lever.uexp" 733
"D:/uni/gamedev/Banana Panic/BananaPanicPt.2/Content/2DSideScrollerBP/Tileset/lever_Sprite_1.uasset" 734
"D:/uni/gamedev/Banana Panic/BananaPanicPt.2/Content/2DSideScrollerBP/Tileset/lever_Sprite_1.uexp" 735
"D:/uni/gamedev/Banana Panic/BananaPanicPt.2/Content/2DSideScrollerBP/Tileset/lever_Sprite_0.uasset" 736
"D:/uni/gamedev/Banana Panic/BananaPanicPt.2/Content/2DSideScrollerBP/Tileset/lever_Sprite_0.uexp" 737
"D:/uni/gamedev/Banana Panic/BananaPanicPt.2/Content/2DSideScrollerBP/Character/Boss/boss_monky-Sheet-export.uasset" 738
"D:/uni/gamedev/Banana Panic/BananaPanicPt.2/Content/2DSideScrollerBP/Character/Boss/boss_monky-Sheet-export.uexp" 739
"D:/uni/gamedev/Banana Panic/BananaPanicPt.2/Content/2DSideScrollerBP/Character/Boss/boss_monky-Sheet-export_Sprite_0.uasset" 740
"D:/uni/gamedev/Banana Panic/BananaPanicPt.2/Content/2DSideScrollerBP/Character/Boss/boss_monky-Sheet-export_Sprite_0.uexp" 741
"D:/uni/gamedev/Banana Panic/BananaPanicPt.2/Content/2DSideScrollerBP/Character/Boss/boss_monky-Sheet-export_Sprite_1.uasset" 742
"D:/uni/gamedev/Banana Panic/BananaPanicPt.2/Content/2DSideScrollerBP/Character/Boss/boss_monky-Sheet-export_Sprite_1.uexp" 743
"D:/uni/gamedev/Banana Panic/BananaPanicPt.2/Content/2DSideScrollerBP/Character/Boss/boss_monky-Sheet-export_Sprite_3.uasset" 744
"D:/uni/gamedev/Banana Panic/BananaPanicPt.2/Content/2DSideScrollerBP/Character/Boss/boss_monky-Sheet-export_Sprite_3.uexp" 745
"D:/uni/gamedev/Banana Panic/BananaPanicPt.2/Content/2DSideScrollerBP/Character/Boss/boss_monky-Sheet-export_Sprite_2.uasset" 746
"D:/uni/gamedev/Banana Panic/BananaPanicPt.2/Content/2DSideScrollerBP/Character/Boss/boss_monky-Sheet-export_Sprite_2.uexp" 747
"D:/uni/gamedev/Banana Panic/BananaPanicPt.2/Content/2DSideScrollerBP/Character/Boss/BossWalk.uasset" 748
"D:/uni/gamedev/Banana Panic/BananaPanicPt.2/Content/2DSideScrollerBP/Character/Boss/BossWalk.uexp" 749
"D:/uni/gamedev/Banana Panic/BananaPanicPt.2/Content/2DSideScrollerBP/Character/Boss/Boss.uasset" 750
"D:/uni/gamedev/Banana Panic/BananaPanicPt.2/Content/2DSideScrollerBP/Character/Boss/Boss.uexp" 751
"D:/uni/gamedev/Banana Panic/BananaPanicPt.2/Content/2DSideScrollerBP/StageObjects/SwitchSP.uasset" 752
"D:/uni/gamedev/Banana Panic/BananaPanicPt.2/Content/2DSideScrollerBP/StageObjects/SwitchSP.uexp" 753
"D:/uni/gamedev/Banana Panic/BananaPanicPt.2/Content/2DSideScrollerBP/Tileset/Peel_icon.uasset" 754
"D:/uni/gamedev/Banana Panic/BananaPanicPt.2/Content/2DSideScrollerBP/Tileset/Peel_icon.uexp" 755
"D:/uni/gamedev/Banana Panic/BananaPanicPt.2/Content/2DSideScrollerBP/Tileset/key.uasset" 756
"D:/uni/gamedev/Banana Panic/BananaPanicPt.2/Content/2DSideScrollerBP/Tileset/key.uexp" 757
"D:/uni/gamedev/Banana Panic/BananaPanicPt.2/Content/2DSideScrollerBP/Character/Banana/score.uasset" 758
"D:/uni/gamedev/Banana Panic/BananaPanicPt.2/Content/2DSideScrollerBP/Character/Banana/score.uexp" 759
"D:/uni/gamedev/Banana Panic/BananaPanicPt.2/Content/2DSideScrollerBP/Widgets/UI.uasset" 760
"D:/uni/gamedev/Banana Panic/BananaPanicPt.2/Content/2DSideScrollerBP/Widgets/UI.uexp" 761
"D:/uni/gamedev/Banana Panic/BananaPanicPt.2/Content/2DSideScrollerBP/Tileset/platforms.uasset" 762
"D:/uni/gamedev/Banana Panic/BananaPanicPt.2/Content/2DSideScrollerBP/Tileset/platforms.uexp" 763
"D:/uni/gamedev/Banana Panic/BananaPanicPt.2/Content/2DSideScrollerBP/Tileset/platforms_Sprite_5.uasset" 764
"D:/uni/gamedev/Banana Panic/BananaPanicPt.2/Content/2DSideScrollerBP/Tileset/platforms_Sprite_5.uexp" 765
"D:/uni/gamedev/Banana Panic/BananaPanicPt.2/Content/2DSideScrollerBP/Tileset/platforms_Sprite_4.uasset" 766
"D:/uni/gamedev/Banana Panic/BananaPanicPt.2/Content/2DSideScrollerBP/Tileset/platforms_Sprite_4.uexp" 767
"D:/uni/gamedev/Banana Panic/BananaPanicPt.2/Content/2DSideScrollerBP/Tileset/platforms_Sprite_2.uasset" 768
"D:/uni/gamedev/Banana Panic/BananaPanicPt.2/Content/2DSideScrollerBP/Tileset/platforms_Sprite_2.uexp" 769
"D:/uni/gamedev/Banana Panic/BananaPanicPt.2/Content/2DSideScrollerBP/Tileset/platforms_Sprite_0.uasset" 770
"D:/uni/gamedev/Banana Panic/BananaPanicPt.2/Content/2DSideScrollerBP/Tileset/platforms_Sprite_0.uexp" 771
"D:/uni/gamedev/Banana Panic/BananaPanicPt.2/Content/2DSideScrollerBP/Tileset/tree_props-export.uasset" 772
"D:/uni/gamedev/Banana Panic/BananaPanicPt.2/Content/2DSideScrollerBP/Tileset/tree_props-export.uexp" 773
"D:/uni/gamedev/Banana Panic/BananaPanicPt.2/Content/2DSideScrollerBP/Tileset/tree_props-export_TileSet.uasset" 774
"D:/uni/gamedev/Banana Panic/BananaPanicPt.2/Content/2DSideScrollerBP/Tileset/tree_props-export_TileSet.uexp" 775
"D:/uni/gamedev/Banana Panic/BananaPanicPt.2/Content/2DSideScrollerBP/Tileset/game_tiles.uasset" 776
"D:/uni/gamedev/Banana Panic/BananaPanicPt.2/Content/2DSideScrollerBP/Tileset/game_tiles.uexp" 777
"D:/uni/gamedev/Banana Panic/BananaPanicPt.2/Content/2DSideScrollerBP/Tileset/game_tiles_TileSet.uasset" 778
"D:/uni/gamedev/Banana Panic/BananaPanicPt.2/Content/2DSideScrollerBP/Tileset/game_tiles_TileSet.uexp" 779
"D:/uni/gamedev/Banana Panic/BananaPanicPt.2/Content/2DSideScrollerBP/Tileset/level3.uasset" 780
"D:/uni/gamedev/Banana Panic/BananaPanicPt.2/Content/2DSideScrollerBP/Tileset/level3.uexp" 781
"D:/uni/gamedev/Banana Panic/BananaPanicPt.2/Content/2DSideScrollerBP/Tileset/bg2.uasset" 782
"D:/uni/gamedev/Banana Panic/BananaPanicPt.2/Content/2DSideScrollerBP/Tileset/bg2.uexp" 783
"D:/uni/gamedev/Banana Panic/BananaPanicPt.2/Content/2DSideScrollerBP/Tileset/bg2_Sprite.uasset" 784
"D:/uni/gamedev/Banana Panic/BananaPanicPt.2/Content/2DSideScrollerBP/Tileset/bg2_Sprite.uexp" 785
"D:/uni/gamedev/Banana Panic/BananaPanicPt.2/Content/2DSideScrollerBP/Music/Eric_Skiff_-_A_Night_Of_Dizzy_Spells.uasset" 786
"D:/uni/gamedev/Banana Panic/BananaPanicPt.2/Content/2DSideScrollerBP/Music/Eric_Skiff_-_A_Night_Of_Dizzy_Spells.uexp" 787
"D:/uni/gamedev/Banana Panic/BananaPanicPt.2/Content/2DSideScrollerBP/Music/Eric_Skiff_-_A_Night_Of_Dizzy_Spells_Cue.uasset" 788
"D:/uni/gamedev/Banana Panic/BananaPanicPt.2/Content/2DSideScrollerBP/Music/Eric_Skiff_-_A_Night_Of_Dizzy_Spells_Cue.uexp" 789
"../../../Engine/Content/MapTemplates/T_ScreenDirt02_w.uasset" 790
"../../../Engine/Content/MapTemplates/T_ScreenDirt02_w.uexp" 791
"../../../Engine/Content/MapTemplates/Bokeh_5Sides.uasset" 792
"../../../Engine/Content/MapTemplates/Bokeh_5Sides.uexp" 793
"../../../Engine/Content/MapTemplates/Bokeh_5Sides.ubulk" 794
"D:/uni/gamedev/Banana Panic/BananaPanicPt.2/Content/2DSideScrollerBP/Tileset/Flower_Platform2.uasset" 795
"D:/uni/gamedev/Banana Panic/BananaPanicPt.2/Content/2DSideScrollerBP/Tileset/Flower_Platform2.uexp" 796
"D:/uni/gamedev/Banana Panic/BananaPanicPt.2/Content/2DSideScrollerBP/Tileset/Flower_Platform2_Sprite.uasset" 797
"D:/uni/gamedev/Banana Panic/BananaPanicPt.2/Content/2DSideScrollerBP/Tileset/Flower_Platform2_Sprite.uexp" 798
"D:/uni/gamedev/Banana Panic/BananaPanicPt.2/Content/2DSideScrollerBP/StageObjects/PlatformRed.uasset" 799
"D:/uni/gamedev/Banana Panic/BananaPanicPt.2/Content/2DSideScrollerBP/StageObjects/PlatformRed.uexp" 800
"D:/uni/gamedev/Banana Panic/BananaPanicPt.2/Content/2DSideScrollerBP/Tileset/Flower_Platform1.uasset" 801
"D:/uni/gamedev/Banana Panic/BananaPanicPt.2/Content/2DSideScrollerBP/Tileset/Flower_Platform1.uexp" 802
"D:/uni/gamedev/Banana Panic/BananaPanicPt.2/Content/2DSideScrollerBP/Tileset/Flower_Platform1_Sprite.uasset" 803
"D:/uni/gamedev/Banana Panic/BananaPanicPt.2/Content/2DSideScrollerBP/Tileset/Flower_Platform1_Sprite.uexp" 804
"D:/uni/gamedev/Banana Panic/BananaPanicPt.2/Content/2DSideScrollerBP/StageObjects/PlatformGreen.uasset" 805
"D:/uni/gamedev/Banana Panic/BananaPanicPt.2/Content/2DSideScrollerBP/StageObjects/PlatformGreen.uexp" 806
"D:/uni/gamedev/Banana Panic/BananaPanicPt.2/Content/2DSideScrollerBP/Tileset/lever_Sprite_2.uasset" 807
"D:/uni/gamedev/Banana Panic/BananaPanicPt.2/Content/2DSideScrollerBP/Tileset/lever_Sprite_2.uexp" 808
"D:/uni/gamedev/Banana Panic/BananaPanicPt.2/Content/2DSideScrollerBP/StageObjects/Switch.uasset" 809
"D:/uni/gamedev/Banana Panic/BananaPanicPt.2/Content/2DSideScrollerBP/StageObjects/Switch.uexp" 810
"D:/uni/gamedev/Banana Panic/BananaPanicPt.2/Content/2DSideScrollerBP/Tileset/game_tiles_Sprite_18.uasset" 811
"D:/uni/gamedev/Banana Panic/BananaPanicPt.2/Content/2DSideScrollerBP/Tileset/game_tiles_Sprite_18.uexp" 812
"D:/uni/gamedev/Banana Panic/BananaPanicPt.2/Content/2DSideScrollerBP/StageObjects/spike.uasset" 813
"D:/uni/gamedev/Banana Panic/BananaPanicPt.2/Content/2DSideScrollerBP/StageObjects/spike.uexp" 814
"D:/uni/gamedev/Banana Panic/BananaPanicPt.2/Content/2DSideScrollerBP/Tileset/instructions_Interact.uasset" 815
"D:/uni/gamedev/Banana Panic/BananaPanicPt.2/Content/2DSideScrollerBP/Tileset/instructions_Interact.uexp" 816
"D:/uni/gamedev/Banana Panic/BananaPanicPt.2/Content/2DSideScrollerBP/Tileset/instructions_Interact_Sprite.uasset" 817
"D:/uni/gamedev/Banana Panic/BananaPanicPt.2/Content/2DSideScrollerBP/Tileset/instructions_Interact_Sprite.uexp" 818
"D:/uni/gamedev/Banana Panic/BananaPanicPt.2/Content/2DSideScrollerBP/Tileset/game_tiles_Sprite_20.uasset" 819
"D:/uni/gamedev/Banana Panic/BananaPanicPt.2/Content/2DSideScrollerBP/Tileset/game_tiles_Sprite_20.uexp" 820
"D:/uni/gamedev/Banana Panic/BananaPanicPt.2/Content/2DSideScrollerBP/StageObjects/sign3.uasset" 821
"D:/uni/gamedev/Banana Panic/BananaPanicPt.2/Content/2DSideScrollerBP/StageObjects/sign3.uexp" 822
"D:/uni/gamedev/Banana Panic/BananaPanicPt.2/Content/2DSideScrollerBP/StageObjects/onewayplat1.uasset" 823
"D:/uni/gamedev/Banana Panic/BananaPanicPt.2/Content/2DSideScrollerBP/StageObjects/onewayplat1.uexp" 824
"D:/uni/gamedev/Banana Panic/BananaPanicPt.2/Content/2DSideScrollerBP/Tileset/key_Sprite.uasset" 825
"D:/uni/gamedev/Banana Panic/BananaPanicPt.2/Content/2DSideScrollerBP/Tileset/key_Sprite.uexp" 826
"D:/uni/gamedev/Banana Panic/BananaPanicPt.2/Content/2DSideScrollerBP/StageObjects/key.uasset" 827
"D:/uni/gamedev/Banana Panic/BananaPanicPt.2/Content/2DSideScrollerBP/StageObjects/key.uexp" 828
"D:/uni/gamedev/Banana Panic/BananaPanicPt.2/Content/2DSideScrollerBP/StageObjects/instakill_pit.uasset" 829
"D:/uni/gamedev/Banana Panic/BananaPanicPt.2/Content/2DSideScrollerBP/StageObjects/instakill_pit.uexp" 830
"D:/uni/gamedev/Banana Panic/BananaPanicPt.2/Content/2DSideScrollerBP/Tileset/door.uasset" 831
"D:/uni/gamedev/Banana Panic/BananaPanicPt.2/Content/2DSideScrollerBP/Tileset/door.uexp" 832
"D:/uni/gamedev/Banana Panic/BananaPanicPt.2/Content/2DSideScrollerBP/Tileset/door_Sprite.uasset" 833
"D:/uni/gamedev/Banana Panic/BananaPanicPt.2/Content/2DSideScrollerBP/Tileset/door_Sprite.uexp" 834
"D:/uni/gamedev/Banana Panic/BananaPanicPt.2/Content/2DSideScrollerBP/StageObjects/door.uasset" 835
"D:/uni/gamedev/Banana Panic/BananaPanicPt.2/Content/2DSideScrollerBP/StageObjects/door.uexp" 836
"D:/uni/gamedev/Banana Panic/BananaPanicPt.2/Content/2DSideScrollerBP/StageObjects/boundtop.uasset" 837
"D:/uni/gamedev/Banana Panic/BananaPanicPt.2/Content/2DSideScrollerBP/StageObjects/boundtop.uexp" 838
"D:/uni/gamedev/Banana Panic/BananaPanicPt.2/Content/2DSideScrollerBP/StageObjects/boundright.uasset" 839
"D:/uni/gamedev/Banana Panic/BananaPanicPt.2/Content/2DSideScrollerBP/StageObjects/boundright.uexp" 840
"D:/uni/gamedev/Banana Panic/BananaPanicPt.2/Content/2DSideScrollerBP/StageObjects/boundleft.uasset" 841
"D:/uni/gamedev/Banana Panic/BananaPanicPt.2/Content/2DSideScrollerBP/StageObjects/boundleft.uexp" 842
"D:/uni/gamedev/Banana Panic/BananaPanicPt.2/Content/2DSideScrollerBP/StageObjects/boundbotton.uasset" 843
"D:/uni/gamedev/Banana Panic/BananaPanicPt.2/Content/2DSideScrollerBP/StageObjects/boundbotton.uexp" 844
"D:/uni/gamedev/Banana Panic/BananaPanicPt.2/Content/2DSideScrollerBP/StageObjects/camera.uasset" 845
"D:/uni/gamedev/Banana Panic/BananaPanicPt.2/Content/2DSideScrollerBP/StageObjects/camera.uexp" 846
"D:/uni/gamedev/Banana Panic/BananaPanicPt.2/Content/2DSideScrollerBP/StageObjects/2DSideScrollerGameMode.uasset" 847
"D:/uni/gamedev/Banana Panic/BananaPanicPt.2/Content/2DSideScrollerBP/StageObjects/2DSideScrollerGameMode.uexp" 848
"D:/uni/gamedev/Banana Panic/BananaPanicPt.2/Content/2DSideScrollerBP/Character/bird/254650417_260138906083259_4187181435000893763_n.uasset" 849
"D:/uni/gamedev/Banana Panic/BananaPanicPt.2/Content/2DSideScrollerBP/Character/bird/254650417_260138906083259_4187181435000893763_n.uexp" 850
"D:/uni/gamedev/Banana Panic/BananaPanicPt.2/Content/2DSideScrollerBP/Character/bird/254650417_260138906083259_4187181435000893763_n.ubulk" 851
"D:/uni/gamedev/Banana Panic/BananaPanicPt.2/Content/2DSideScrollerBP/Character/bird/254650417_260138906083259_4187181435000893763_n_Sprite_4.uasset" 852
"D:/uni/gamedev/Banana Panic/BananaPanicPt.2/Content/2DSideScrollerBP/Character/bird/254650417_260138906083259_4187181435000893763_n_Sprite_4.uexp" 853
"D:/uni/gamedev/Banana Panic/BananaPanicPt.2/Content/2DSideScrollerBP/Character/bird/254650417_260138906083259_4187181435000893763_n_Sprite_3.uasset" 854
"D:/uni/gamedev/Banana Panic/BananaPanicPt.2/Content/2DSideScrollerBP/Character/bird/254650417_260138906083259_4187181435000893763_n_Sprite_3.uexp" 855
"D:/uni/gamedev/Banana Panic/BananaPanicPt.2/Content/2DSideScrollerBP/Character/bird/254650417_260138906083259_4187181435000893763_n_Sprite_2.uasset" 856
"D:/uni/gamedev/Banana Panic/BananaPanicPt.2/Content/2DSideScrollerBP/Character/bird/254650417_260138906083259_4187181435000893763_n_Sprite_2.uexp" 857
"D:/uni/gamedev/Banana Panic/BananaPanicPt.2/Content/2DSideScrollerBP/Character/bird/254650417_260138906083259_4187181435000893763_n_Sprite_1.uasset" 858
"D:/uni/gamedev/Banana Panic/BananaPanicPt.2/Content/2DSideScrollerBP/Character/bird/254650417_260138906083259_4187181435000893763_n_Sprite_1.uexp" 859
"D:/uni/gamedev/Banana Panic/BananaPanicPt.2/Content/2DSideScrollerBP/Character/bird/254650417_260138906083259_4187181435000893763_n_Sprite_5.uasset" 860
"D:/uni/gamedev/Banana Panic/BananaPanicPt.2/Content/2DSideScrollerBP/Character/bird/254650417_260138906083259_4187181435000893763_n_Sprite_5.uexp" 861
"D:/uni/gamedev/Banana Panic/BananaPanicPt.2/Content/2DSideScrollerBP/Character/bird/254650417_260138906083259_4187181435000893763_n_Sprite_6.uasset" 862
"D:/uni/gamedev/Banana Panic/BananaPanicPt.2/Content/2DSideScrollerBP/Character/bird/254650417_260138906083259_4187181435000893763_n_Sprite_6.uexp" 863
"D:/uni/gamedev/Banana Panic/BananaPanicPt.2/Content/2DSideScrollerBP/Character/bird/bridfly.uasset" 864
"D:/uni/gamedev/Banana Panic/BananaPanicPt.2/Content/2DSideScrollerBP/Character/bird/bridfly.uexp" 865
"D:/uni/gamedev/Banana Panic/BananaPanicPt.2/Content/2DSideScrollerBP/Character/bird/birdHorriz.uasset" 866
"D:/uni/gamedev/Banana Panic/BananaPanicPt.2/Content/2DSideScrollerBP/Character/bird/birdHorriz.uexp" 867
"D:/uni/gamedev/Banana Panic/BananaPanicPt.2/Content/2DSideScrollerBP/Character/bird/birdVirt.uasset" 868
"D:/uni/gamedev/Banana Panic/BananaPanicPt.2/Content/2DSideScrollerBP/Character/bird/birdVirt.uexp" 869
"D:/uni/gamedev/Banana Panic/BananaPanicPt.2/Content/2DSideScrollerBP/Character/Monkey/Monkey.uasset" 870
"D:/uni/gamedev/Banana Panic/BananaPanicPt.2/Content/2DSideScrollerBP/Character/Monkey/Monkey.uexp" 871
"D:/uni/gamedev/Banana Panic/BananaPanicPt.2/Content/2DSideScrollerBP/Character/Monkey/Monkey_Sprite_1.uasset" 872
"D:/uni/gamedev/Banana Panic/BananaPanicPt.2/Content/2DSideScrollerBP/Character/Monkey/Monkey_Sprite_1.uexp" 873
"D:/uni/gamedev/Banana Panic/BananaPanicPt.2/Content/2DSideScrollerBP/Character/Monkey/Monkey_Sprite_2.uasset" 874
"D:/uni/gamedev/Banana Panic/BananaPanicPt.2/Content/2DSideScrollerBP/Character/Monkey/Monkey_Sprite_2.uexp" 875
"D:/uni/gamedev/Banana Panic/BananaPanicPt.2/Content/2DSideScrollerBP/Character/Monkey/Monkey_Sprite_3.uasset" 876
"D:/uni/gamedev/Banana Panic/BananaPanicPt.2/Content/2DSideScrollerBP/Character/Monkey/Monkey_Sprite_3.uexp" 877
"D:/uni/gamedev/Banana Panic/BananaPanicPt.2/Content/2DSideScrollerBP/Character/Monkey/Monkey_Sprite_4.uasset" 878
"D:/uni/gamedev/Banana Panic/BananaPanicPt.2/Content/2DSideScrollerBP/Character/Monkey/Monkey_Sprite_4.uexp" 879
"D:/uni/gamedev/Banana Panic/BananaPanicPt.2/Content/2DSideScrollerBP/Character/Monkey/Monkey_Sprite_5.uasset" 880
"D:/uni/gamedev/Banana Panic/BananaPanicPt.2/Content/2DSideScrollerBP/Character/Monkey/Monkey_Sprite_5.uexp" 881
"D:/uni/gamedev/Banana Panic/BananaPanicPt.2/Content/2DSideScrollerBP/Character/Monkey/MonkeyMovement.uasset" 882
"D:/uni/gamedev/Banana Panic/BananaPanicPt.2/Content/2DSideScrollerBP/Character/Monkey/MonkeyMovement.uexp" 883
"D:/uni/gamedev/Banana Panic/BananaPanicPt.2/Content/2DSideScrollerBP/Character/Monkey/Monkeyy.uasset" 884
"D:/uni/gamedev/Banana Panic/BananaPanicPt.2/Content/2DSideScrollerBP/Character/Monkey/Monkeyy.uexp" 885
"D:/uni/gamedev/Banana Panic/BananaPanicPt.2/Content/2DSideScrollerBP/Maps/Map03.uexp" 886
"D:/uni/gamedev/Banana Panic/BananaPanicPt.2/Content/2DSideScrollerBP/Maps/Map03.umap" 887
"D:/uni/gamedev/Banana Panic/BananaPanicPt.2/Content/2DSideScrollerBP/Tileset/BossLevel.uasset" 888
"D:/uni/gamedev/Banana Panic/BananaPanicPt.2/Content/2DSideScrollerBP/Tileset/BossLevel.uexp" 889
"D:/uni/gamedev/Banana Panic/BananaPanicPt.2/Content/2DSideScrollerBP/Tileset/Mushromm_bouncer.uasset" 890
"D:/uni/gamedev/Banana Panic/BananaPanicPt.2/Content/2DSideScrollerBP/Tileset/Mushromm_bouncer.uexp" 891
"D:/uni/gamedev/Banana Panic/BananaPanicPt.2/Content/2DSideScrollerBP/Tileset/Mushromm_bouncer_Sprite_0.uasset" 892
"D:/uni/gamedev/Banana Panic/BananaPanicPt.2/Content/2DSideScrollerBP/Tileset/Mushromm_bouncer_Sprite_0.uexp" 893
"D:/uni/gamedev/Banana Panic/BananaPanicPt.2/Content/2DSideScrollerBP/Tileset/BounceIdle.uasset" 894
"D:/uni/gamedev/Banana Panic/BananaPanicPt.2/Content/2DSideScrollerBP/Tileset/BounceIdle.uexp" 895
"D:/uni/gamedev/Banana Panic/BananaPanicPt.2/Content/2DSideScrollerBP/Tileset/Mushromm_bouncer_Sprite_5.uasset" 896
"D:/uni/gamedev/Banana Panic/BananaPanicPt.2/Content/2DSideScrollerBP/Tileset/Mushromm_bouncer_Sprite_5.uexp" 897
"D:/uni/gamedev/Banana Panic/BananaPanicPt.2/Content/2DSideScrollerBP/Tileset/Mushromm_bouncer_Sprite_4.uasset" 898
"D:/uni/gamedev/Banana Panic/BananaPanicPt.2/Content/2DSideScrollerBP/Tileset/Mushromm_bouncer_Sprite_4.uexp" 899
"D:/uni/gamedev/Banana Panic/BananaPanicPt.2/Content/2DSideScrollerBP/Tileset/Mushromm_bouncer_Sprite_3.uasset" 900
"D:/uni/gamedev/Banana Panic/BananaPanicPt.2/Content/2DSideScrollerBP/Tileset/Mushromm_bouncer_Sprite_3.uexp" 901
"D:/uni/gamedev/Banana Panic/BananaPanicPt.2/Content/2DSideScrollerBP/Tileset/Mushromm_bouncer_Sprite_2.uasset" 902
"D:/uni/gamedev/Banana Panic/BananaPanicPt.2/Content/2DSideScrollerBP/Tileset/Mushromm_bouncer_Sprite_2.uexp" 903
"D:/uni/gamedev/Banana Panic/BananaPanicPt.2/Content/2DSideScrollerBP/Tileset/Mushromm_bouncer_Sprite_1.uasset" 904
"D:/uni/gamedev/Banana Panic/BananaPanicPt.2/Content/2DSideScrollerBP/Tileset/Mushromm_bouncer_Sprite_1.uexp" 905
"D:/uni/gamedev/Banana Panic/BananaPanicPt.2/Content/2DSideScrollerBP/Tileset/Bounce.uasset" 906
"D:/uni/gamedev/Banana Panic/BananaPanicPt.2/Content/2DSideScrollerBP/Tileset/Bounce.uexp" 907
"D:/uni/gamedev/Banana Panic/BananaPanicPt.2/Content/2DSideScrollerBP/StageObjects/Trampoline.uasset" 908
"D:/uni/gamedev/Banana Panic/BananaPanicPt.2/Content/2DSideScrollerBP/StageObjects/Trampoline.uexp" 909
"D:/uni/gamedev/Banana Panic/BananaPanicPt.2/Content/2DSideScrollerBP/Tileset/a59b735200362f91e6735b2abcb787b2.uasset" 910
"D:/uni/gamedev/Banana Panic/BananaPanicPt.2/Content/2DSideScrollerBP/Tileset/a59b735200362f91e6735b2abcb787b2.uexp" 911
"D:/uni/gamedev/Banana Panic/BananaPanicPt.2/Content/2DSideScrollerBP/Tileset/a59b735200362f91e6735b2abcb787b2_Sprite.uasset" 912
"D:/uni/gamedev/Banana Panic/BananaPanicPt.2/Content/2DSideScrollerBP/Tileset/a59b735200362f91e6735b2abcb787b2_Sprite.uexp" 913
"D:/uni/gamedev/Banana Panic/BananaPanicPt.2/Content/2DSideScrollerBP/Maps/Map04.uexp" 914
"D:/uni/gamedev/Banana Panic/BananaPanicPt.2/Content/2DSideScrollerBP/Maps/Map04.umap" 915
"D:/uni/gamedev/Banana Panic/BananaPanicPt.2/Content/2DSideScrollerBP/Widgets/start.uasset" 916
"D:/uni/gamedev/Banana Panic/BananaPanicPt.2/Content/2DSideScrollerBP/Widgets/start.uexp" 917
"D:/uni/gamedev/Banana Panic/BananaPanicPt.2/Content/2DSideScrollerBP/Tileset/bg_banana.uasset" 918
"D:/uni/gamedev/Banana Panic/BananaPanicPt.2/Content/2DSideScrollerBP/Tileset/bg_banana.uexp" 919
"D:/uni/gamedev/Banana Panic/BananaPanicPt.2/Content/2DSideScrollerBP/Widgets/LevelSelect.uasset" 920
"D:/uni/gamedev/Banana Panic/BananaPanicPt.2/Content/2DSideScrollerBP/Widgets/LevelSelect.uexp" 921
"D:/uni/gamedev/Banana Panic/BananaPanicPt.2/Content/2DSideScrollerBP/Widgets/Game_Demo-removebg-preview.uasset" 922
"D:/uni/gamedev/Banana Panic/BananaPanicPt.2/Content/2DSideScrollerBP/Widgets/Game_Demo-removebg-preview.uexp" 923
"D:/uni/gamedev/Banana Panic/BananaPanicPt.2/Content/2DSideScrollerBP/Widgets/exit_button.uasset" 924
"D:/uni/gamedev/Banana Panic/BananaPanicPt.2/Content/2DSideScrollerBP/Widgets/exit_button.uexp" 925
"D:/uni/gamedev/Banana Panic/BananaPanicPt.2/Content/2DSideScrollerBP/Widgets/258105496_665728871079345_4878805352712624923_n.uasset" 926
"D:/uni/gamedev/Banana Panic/BananaPanicPt.2/Content/2DSideScrollerBP/Widgets/258105496_665728871079345_4878805352712624923_n.uexp" 927
"D:/uni/gamedev/Banana Panic/BananaPanicPt.2/Content/2DSideScrollerBP/Widgets/Menu.uasset" 928
"D:/uni/gamedev/Banana Panic/BananaPanicPt.2/Content/2DSideScrollerBP/Widgets/Menu.uexp" 929
"D:/uni/gamedev/Banana Panic/BananaPanicPt.2/Content/2DSideScrollerBP/Maps/Menu_BuiltData.uasset" 930
"D:/uni/gamedev/Banana Panic/BananaPanicPt.2/Content/2DSideScrollerBP/Maps/Menu_BuiltData.uexp" 931
"D:/uni/gamedev/Banana Panic/BananaPanicPt.2/Content/2DSideScrollerBP/Maps/Menu.uexp" 932
"D:/uni/gamedev/Banana Panic/BananaPanicPt.2/Content/2DSideScrollerBP/Maps/Menu.umap" 933
"D:/uni/gamedev/Banana Panic/BananaPanicPt.2/Content/2DSideScrollerBP/Maps/Map01_BuiltData.uasset" 934
"D:/uni/gamedev/Banana Panic/BananaPanicPt.2/Content/2DSideScrollerBP/Maps/Map01_BuiltData.uexp" 935
"D:/uni/gamedev/Banana Panic/BananaPanicPt.2/Content/2DSideScrollerBP/Tileset/Tutorial.uasset" 936
"D:/uni/gamedev/Banana Panic/BananaPanicPt.2/Content/2DSideScrollerBP/Tileset/Tutorial.uexp" 937
"D:/uni/gamedev/Banana Panic/BananaPanicPt.2/Content/2DSideScrollerBP/Tileset/bg_banana_Sprite.uasset" 938
"D:/uni/gamedev/Banana Panic/BananaPanicPt.2/Content/2DSideScrollerBP/Tileset/bg_banana_Sprite.uexp" 939
"D:/uni/gamedev/Banana Panic/BananaPanicPt.2/Content/2DSideScrollerBP/Tileset/instructions_2-export-export.uasset" 940
"D:/uni/gamedev/Banana Panic/BananaPanicPt.2/Content/2DSideScrollerBP/Tileset/instructions_2-export-export.uexp" 941
"D:/uni/gamedev/Banana Panic/BananaPanicPt.2/Content/2DSideScrollerBP/Tileset/instructions_2-export-export.ubulk" 942
"D:/uni/gamedev/Banana Panic/BananaPanicPt.2/Content/2DSideScrollerBP/Tileset/instructions_2-export-export_Sprite.uasset" 943
"D:/uni/gamedev/Banana Panic/BananaPanicPt.2/Content/2DSideScrollerBP/Tileset/instructions_2-export-export_Sprite.uexp" 944
"D:/uni/gamedev/Banana Panic/BananaPanicPt.2/Content/2DSideScrollerBP/StageObjects/sign2.uasset" 945
"D:/uni/gamedev/Banana Panic/BananaPanicPt.2/Content/2DSideScrollerBP/StageObjects/sign2.uexp" 946
"D:/uni/gamedev/Banana Panic/BananaPanicPt.2/Content/2DSideScrollerBP/Tileset/instructions.uasset" 947
"D:/uni/gamedev/Banana Panic/BananaPanicPt.2/Content/2DSideScrollerBP/Tileset/instructions.uexp" 948
"D:/uni/gamedev/Banana Panic/BananaPanicPt.2/Content/2DSideScrollerBP/Tileset/instructions.ubulk" 949
"D:/uni/gamedev/Banana Panic/BananaPanicPt.2/Content/2DSideScrollerBP/Tileset/instructions_Sprite1.uasset" 950
"D:/uni/gamedev/Banana Panic/BananaPanicPt.2/Content/2DSideScrollerBP/Tileset/instructions_Sprite1.uexp" 951
"D:/uni/gamedev/Banana Panic/BananaPanicPt.2/Content/2DSideScrollerBP/StageObjects/sign.uasset" 952
"D:/uni/gamedev/Banana Panic/BananaPanicPt.2/Content/2DSideScrollerBP/StageObjects/sign.uexp" 953
"D:/uni/gamedev/Banana Panic/BananaPanicPt.2/Content/2DSideScrollerBP/Maps/Map01.uexp" 954
"D:/uni/gamedev/Banana Panic/BananaPanicPt.2/Content/2DSideScrollerBP/Maps/Map01.umap" 955
"D:/uni/gamedev/Banana Panic/BananaPanicPt.2/Content/2DSideScrollerBP/Maps/Map02_BuiltData.uasset" 956
"D:/uni/gamedev/Banana Panic/BananaPanicPt.2/Content/2DSideScrollerBP/Maps/Map02_BuiltData.uexp" 957
"D:/uni/gamedev/Banana Panic/BananaPanicPt.2/Content/2DSideScrollerBP/Tileset/level2.uasset" 958
"D:/uni/gamedev/Banana Panic/BananaPanicPt.2/Content/2DSideScrollerBP/Tileset/level2.uexp" 959
"D:/uni/gamedev/Banana Panic/BananaPanicPt.2/Content/2DSideScrollerBP/Tileset/bg3.uasset" 960
"D:/uni/gamedev/Banana Panic/BananaPanicPt.2/Content/2DSideScrollerBP/Tileset/bg3.uexp" 961
"D:/uni/gamedev/Banana Panic/BananaPanicPt.2/Content/2DSideScrollerBP/Tileset/bg3_Sprite.uasset" 962
"D:/uni/gamedev/Banana Panic/BananaPanicPt.2/Content/2DSideScrollerBP/Tileset/bg3_Sprite.uexp" 963
"D:/uni/gamedev/Banana Panic/BananaPanicPt.2/Content/2DSideScrollerBP/Maps/Map02.uexp" 964
"D:/uni/gamedev/Banana Panic/BananaPanicPt.2/Content/2DSideScrollerBP/Maps/Map02.umap" 965
"../../../Engine/Content/Maps/Entry_BuiltData.uasset" 966
"../../../Engine/Content/Maps/Entry_BuiltData.uexp" 967
"../../../Engine/Content/Maps/Entry.uexp" 968
"../../../Engine/Content/Maps/Entry.umap" 969
